#! /usr/bin/vvp
:ivl_version "10.3 (stable)";
:ivl_delay_selection "TYPICAL";
:vpi_time_precision + 0;
:vpi_module "system";
:vpi_module "vhdl_sys";
:vpi_module "v2005_math";
:vpi_module "va_math";
S_0x561bc8ff2d50 .scope module, "TestBench" "TestBench" 2 3;
 .timescale 0 0;
P_0x561bc8fab620 .param/l "num_cycles" 0 2 10, +C4<00000000000000000000000001000000>;
v0x561bc9055040_0 .var "Clk", 0 0;
v0x561bc90550e0_0 .var "Reset", 0 0;
v0x561bc90551f0_0 .var "Start", 0 0;
v0x561bc90552e0_0 .var/i "counter", 31 0;
v0x561bc9055380_0 .var/i "flush", 31 0;
v0x561bc90554b0_0 .var/i "i", 31 0;
v0x561bc9055590_0 .var/i "outfile", 31 0;
v0x561bc9055670_0 .var/i "stall", 31 0;
S_0x561bc8ff4190 .scope module, "CPU" "CPU" 2 14, 3 1 0, S_0x561bc8ff2d50;
 .timescale 0 0;
    .port_info 0 /INPUT 1 "clk_i"
    .port_info 1 /INPUT 1 "rst_i"
    .port_info 2 /INPUT 1 "start_i"
L_0x561bc9055b20 .functor BUFZ 32, v0x561bc90474a0_0, C4<00000000000000000000000000000000>, C4<00000000000000000000000000000000>, C4<00000000000000000000000000000000>;
L_0x561bc90665b0 .functor AND 1, L_0x561bc90561b0, L_0x561bc90671c0, C4<1>, C4<1>;
v0x561bc904ed90_0 .net "ALUCrtl_3", 2 0, L_0x561bc906f7c0;  1 drivers
v0x561bc904ee50_0 .net "ALUOp_2", 1 0, L_0x561bc9069420;  1 drivers
v0x561bc904ef60_0 .net "ALUOp_3", 1 0, v0x561bc9045590_0;  1 drivers
v0x561bc904f050_0 .net "ALUResult_3", 31 0, v0x561bc8fe6c40_0;  1 drivers
v0x561bc904f160_0 .net "ALUResult_4", 31 0, v0x561bc90410a0_0;  1 drivers
v0x561bc904f270_0 .net "ALUResult_5", 31 0, v0x561bc9048330_0;  1 drivers
v0x561bc904f380_0 .net "ALUSrc_2", 0 0, L_0x561bc9069070;  1 drivers
v0x561bc904f470_0 .net "ALUSrc_3", 0 0, v0x561bc9045760_0;  1 drivers
v0x561bc904f560_0 .net "Branch", 0 0, L_0x561bc90671c0;  1 drivers
v0x561bc904f620_0 .net "Branch_tmp", 0 0, L_0x561bc9068b80;  1 drivers
v0x561bc904f6c0_0 .net "Equal", 0 0, L_0x561bc90561b0;  1 drivers
v0x561bc904f760_0 .net "Flush", 0 0, L_0x561bc90665b0;  1 drivers
v0x561bc904f800_0 .net "ForwardA", 1 0, L_0x561bc9072070;  1 drivers
v0x561bc904f8c0_0 .net "ForwardB", 1 0, L_0x561bc90722f0;  1 drivers
v0x561bc904f960_0 .net "MUX_3", 31 0, L_0x561bc906c010;  1 drivers
v0x561bc904fa50_0 .net "MemData_4", 31 0, L_0x561bc9070d20;  1 drivers
v0x561bc904fb60_0 .net "MemData_5", 31 0, v0x561bc90484e0_0;  1 drivers
v0x561bc904fd80_0 .net "MemRead_2", 0 0, L_0x561bc9066ab0;  1 drivers
v0x561bc904fe20_0 .net "MemRead_3", 0 0, v0x561bc90458f0_0;  1 drivers
v0x561bc904fec0_0 .net "MemRead_4", 0 0, v0x561bc9041210_0;  1 drivers
v0x561bc904ffb0_0 .net "MemRead_tmp", 0 0, L_0x561bc906a380;  1 drivers
v0x561bc9050050_0 .net "MemWrite_2", 0 0, L_0x561bc9066ea0;  1 drivers
v0x561bc90500f0_0 .net "MemWrite_3", 0 0, v0x561bc9045a80_0;  1 drivers
v0x561bc90501e0_0 .net "MemWrite_4", 0 0, v0x561bc90413d0_0;  1 drivers
v0x561bc90502d0_0 .net "MemWrite_tmp", 0 0, L_0x561bc9069a10;  1 drivers
v0x561bc9050370_0 .net "MemtoReg_2", 0 0, L_0x561bc9067d50;  1 drivers
v0x561bc9050410_0 .net "MemtoReg_3", 0 0, v0x561bc9045c50_0;  1 drivers
v0x561bc9050500_0 .net "MemtoReg_4", 0 0, v0x561bc9041510_0;  1 drivers
v0x561bc90505f0_0 .net "MemtoReg_5", 0 0, v0x561bc9048690_0;  1 drivers
v0x561bc90506e0_0 .net "MemtoReg_tmp", 0 0, L_0x561bc906a540;  1 drivers
v0x561bc9050780_0 .net "NoOp", 0 0, L_0x561bc9068890;  1 drivers
v0x561bc9050820_0 .net "NoOp_tmp", 0 0, L_0x561bc906b3a0;  1 drivers
v0x561bc90508c0_0 .net "Op", 6 0, L_0x561bc9055750;  1 drivers
v0x561bc9050b70_0 .net "PCWrite", 0 0, L_0x561bc9066360;  1 drivers
v0x561bc9050c10_0 .net "PCWrite_tmp", 0 0, L_0x561bc906b560;  1 drivers
v0x561bc9050cb0_0 .net "RDaddr_2", 4 0, L_0x561bc9055a80;  1 drivers
v0x561bc9050d50_0 .net "RDaddr_3", 4 0, v0x561bc9045db0_0;  1 drivers
v0x561bc9050df0_0 .net "RDaddr_4", 4 0, v0x561bc9041720_0;  1 drivers
v0x561bc9050e90_0 .net "RDaddr_5", 4 0, L_0x561bc90674f0;  1 drivers
v0x561bc9050f80_0 .net "RDaddr_5_tmp", 4 0, v0x561bc9048840_0;  1 drivers
v0x561bc9051020_0 .net "RDdata_5", 31 0, L_0x561bc9067830;  1 drivers
v0x561bc90510c0_0 .net "RDdata_5_tmp", 31 0, L_0x561bc906c270;  1 drivers
v0x561bc9051160_0 .net "RS1addr_2", 4 0, L_0x561bc90558b0;  1 drivers
v0x561bc9051200_0 .net "RS1addr_3", 4 0, v0x561bc9045f30_0;  1 drivers
v0x561bc90512f0_0 .net "RS1data_2", 31 0, L_0x561bc906b940;  1 drivers
v0x561bc90513e0_0 .net "RS1data_31", 31 0, v0x561bc90460c0_0;  1 drivers
v0x561bc90514d0_0 .net "RS1data_32", 31 0, L_0x561bc906c450;  1 drivers
v0x561bc90515c0_0 .net "RS2addr_2", 4 0, L_0x561bc9055950;  1 drivers
v0x561bc9051660_0 .net "RS2addr_3", 4 0, v0x561bc9046290_0;  1 drivers
v0x561bc9051770_0 .net "RS2data_2", 31 0, L_0x561bc906be40;  1 drivers
v0x561bc9051880_0 .net "RS2data_31", 31 0, v0x561bc9046420_0;  1 drivers
v0x561bc9051990_0 .net "RS2data_32", 31 0, L_0x561bc906c920;  1 drivers
v0x561bc9051a50_0 .net "RS2data_4", 31 0, v0x561bc90418e0_0;  1 drivers
v0x561bc9051b60_0 .net "RegWrite_2", 0 0, L_0x561bc9066760;  1 drivers
v0x561bc9051c00_0 .net "RegWrite_3", 0 0, v0x561bc90465c0_0;  1 drivers
v0x561bc9051cf0_0 .net "RegWrite_4", 0 0, v0x561bc9041a70_0;  1 drivers
v0x561bc9051d90_0 .net "RegWrite_5", 0 0, v0x561bc9048a50_0;  1 drivers
v0x561bc9051e30_0 .net "RegWrite_tmp", 0 0, L_0x561bc906ab50;  1 drivers
v0x561bc9051ed0_0 .net "SE_21", 31 0, L_0x561bc9055b20;  1 drivers
v0x561bc9051f70_0 .net "SE_22", 31 0, L_0x561bc906e4b0;  1 drivers
v0x561bc9052060_0 .net "SE_23", 31 0, L_0x561bc9056070;  1 drivers
v0x561bc9052120_0 .net "SE_3", 31 0, v0x561bc9046750_0;  1 drivers
v0x561bc9052230_0 .net "Stall", 0 0, L_0x561bc906b460;  1 drivers
L_0x7feeab4a1570 .functor BUFT 1, C4<01>, C4<0>, C4<0>, C4<0>;
v0x561bc9052320_0 .net/2u *"_s100", 1 0, L_0x7feeab4a1570;  1 drivers
v0x561bc9052400_0 .net *"_s102", 1 0, L_0x561bc90684c0;  1 drivers
L_0x7feeab4a15b8 .functor BUFT 1, C4<0>, C4<0>, C4<0>, C4<0>;
v0x561bc90528b0_0 .net *"_s105", 0 0, L_0x7feeab4a15b8;  1 drivers
v0x561bc9052950_0 .net *"_s106", 1 0, L_0x561bc9068700;  1 drivers
v0x561bc9052a10_0 .net *"_s11", 6 0, L_0x561bc9055bb0;  1 drivers
v0x561bc9052af0_0 .net *"_s13", 2 0, L_0x561bc9055c50;  1 drivers
v0x561bc9052bd0_0 .net *"_s18", 30 0, L_0x561bc9055f80;  1 drivers
L_0x7feeab4a1018 .functor BUFT 1, C4<0>, C4<0>, C4<0>, C4<0>;
v0x561bc9052cb0_0 .net *"_s20", 0 0, L_0x7feeab4a1018;  1 drivers
L_0x7feeab4a1060 .functor BUFT 1, C4<00000000000000000000000000000001>, C4<0>, C4<0>, C4<0>;
v0x561bc9052d90_0 .net/2u *"_s24", 31 0, L_0x7feeab4a1060;  1 drivers
v0x561bc9052e70_0 .net *"_s26", 0 0, L_0x561bc90662c0;  1 drivers
L_0x7feeab4a10a8 .functor BUFT 1, C4<1>, C4<0>, C4<0>, C4<0>;
v0x561bc9052f30_0 .net/2u *"_s28", 0 0, L_0x7feeab4a10a8;  1 drivers
L_0x7feeab4a10f0 .functor BUFT 1, C4<00000000000000000000000000000000>, C4<0>, C4<0>, C4<0>;
v0x561bc9053010_0 .net/2u *"_s34", 31 0, L_0x7feeab4a10f0;  1 drivers
v0x561bc90530f0_0 .net *"_s36", 0 0, L_0x561bc9066670;  1 drivers
L_0x7feeab4a1138 .functor BUFT 1, C4<0>, C4<0>, C4<0>, C4<0>;
v0x561bc90531b0_0 .net/2u *"_s38", 0 0, L_0x7feeab4a1138;  1 drivers
L_0x7feeab4a1180 .functor BUFT 1, C4<00000000000000000000000000000000>, C4<0>, C4<0>, C4<0>;
v0x561bc9053290_0 .net/2u *"_s42", 31 0, L_0x7feeab4a1180;  1 drivers
v0x561bc9053370_0 .net *"_s44", 0 0, L_0x561bc90669c0;  1 drivers
L_0x7feeab4a11c8 .functor BUFT 1, C4<0>, C4<0>, C4<0>, C4<0>;
v0x561bc9053430_0 .net/2u *"_s46", 0 0, L_0x7feeab4a11c8;  1 drivers
L_0x7feeab4a1210 .functor BUFT 1, C4<00000000000000000000000000000000>, C4<0>, C4<0>, C4<0>;
v0x561bc9053510_0 .net/2u *"_s50", 31 0, L_0x7feeab4a1210;  1 drivers
v0x561bc90535f0_0 .net *"_s52", 0 0, L_0x561bc9066d20;  1 drivers
L_0x7feeab4a1258 .functor BUFT 1, C4<0>, C4<0>, C4<0>, C4<0>;
v0x561bc90536b0_0 .net/2u *"_s54", 0 0, L_0x7feeab4a1258;  1 drivers
L_0x7feeab4a12a0 .functor BUFT 1, C4<00000000000000000000000000000000>, C4<0>, C4<0>, C4<0>;
v0x561bc9053790_0 .net/2u *"_s58", 31 0, L_0x7feeab4a12a0;  1 drivers
v0x561bc9053870_0 .net *"_s60", 0 0, L_0x561bc90670d0;  1 drivers
L_0x7feeab4a12e8 .functor BUFT 1, C4<0>, C4<0>, C4<0>, C4<0>;
v0x561bc9053930_0 .net/2u *"_s62", 0 0, L_0x7feeab4a12e8;  1 drivers
L_0x7feeab4a1330 .functor BUFT 1, C4<00000000000000000000000000000011>, C4<0>, C4<0>, C4<0>;
v0x561bc9053a10_0 .net/2u *"_s66", 31 0, L_0x7feeab4a1330;  1 drivers
v0x561bc9053af0_0 .net *"_s68", 0 0, L_0x561bc9066f40;  1 drivers
L_0x7feeab4a1378 .functor BUFT 1, C4<00000>, C4<0>, C4<0>, C4<0>;
v0x561bc9053bb0_0 .net/2u *"_s70", 4 0, L_0x7feeab4a1378;  1 drivers
L_0x7feeab4a13c0 .functor BUFT 1, C4<00000000000000000000000000000011>, C4<0>, C4<0>, C4<0>;
v0x561bc9053c90_0 .net/2u *"_s74", 31 0, L_0x7feeab4a13c0;  1 drivers
v0x561bc9053d70_0 .net *"_s76", 0 0, L_0x561bc9067740;  1 drivers
L_0x7feeab4a1408 .functor BUFT 1, C4<00000000000000000000000000000000>, C4<0>, C4<0>, C4<0>;
v0x561bc9053e30_0 .net/2u *"_s78", 31 0, L_0x7feeab4a1408;  1 drivers
L_0x7feeab4a1450 .functor BUFT 1, C4<00000000000000000000000000000000>, C4<0>, C4<0>, C4<0>;
v0x561bc9053f10_0 .net/2u *"_s82", 31 0, L_0x7feeab4a1450;  1 drivers
v0x561bc9053ff0_0 .net *"_s84", 0 0, L_0x561bc9067a40;  1 drivers
L_0x7feeab4a1498 .functor BUFT 1, C4<0>, C4<0>, C4<0>, C4<0>;
v0x561bc90540b0_0 .net/2u *"_s86", 0 0, L_0x7feeab4a1498;  1 drivers
L_0x7feeab4a14e0 .functor BUFT 1, C4<00000000000000000000000000000100>, C4<0>, C4<0>, C4<0>;
v0x561bc9054190_0 .net/2u *"_s90", 31 0, L_0x7feeab4a14e0;  1 drivers
L_0x7feeab4a1528 .functor BUFT 1, C4<00000000000000000000000000000000>, C4<0>, C4<0>, C4<0>;
v0x561bc9054270_0 .net/2u *"_s96", 31 0, L_0x7feeab4a1528;  1 drivers
v0x561bc9054350_0 .net *"_s98", 0 0, L_0x561bc90683d0;  1 drivers
v0x561bc9054410_0 .net "clk_i", 0 0, v0x561bc9055040_0;  1 drivers
v0x561bc90544b0_0 .var "counter", 31 0;
v0x561bc9054590_0 .net "funct_2", 9 0, L_0x561bc9055e40;  1 drivers
v0x561bc9054650_0 .net "funct_3", 9 0, v0x561bc9046a00_0;  1 drivers
v0x561bc9054740_0 .net "instr_1", 31 0, L_0x561bc906af30;  1 drivers
v0x561bc9054850_0 .net "instr_2", 31 0, v0x561bc90474a0_0;  1 drivers
v0x561bc9054910_0 .net "pc_0", 31 0, L_0x561bc906c140;  1 drivers
v0x561bc9054a00_0 .net "pc_1", 31 0, v0x561bc904bf80_0;  1 drivers
v0x561bc9054ac0_0 .net "pc_2", 31 0, v0x561bc9047640_0;  1 drivers
v0x561bc9054b80_0 .net "pc_branch", 31 0, L_0x561bc9068150;  1 drivers
v0x561bc9054c20_0 .net "pc_predicted", 31 0, L_0x561bc9068010;  1 drivers
v0x561bc9054cc0_0 .net "rst_i", 0 0, v0x561bc90550e0_0;  1 drivers
v0x561bc9054d60_0 .net "start_i", 0 0, v0x561bc90551f0_0;  1 drivers
v0x561bc9054e00_0 .net "tmpA", 31 0, L_0x561bc906c310;  1 drivers
v0x561bc9054ef0_0 .net "tmpB", 31 0, L_0x561bc906c740;  1 drivers
L_0x561bc9055750 .part v0x561bc90474a0_0, 0, 7;
L_0x561bc90558b0 .part v0x561bc90474a0_0, 15, 5;
L_0x561bc9055950 .part v0x561bc90474a0_0, 20, 5;
L_0x561bc9055a80 .part v0x561bc90474a0_0, 7, 5;
L_0x561bc9055bb0 .part v0x561bc90474a0_0, 25, 7;
L_0x561bc9055c50 .part v0x561bc90474a0_0, 12, 3;
L_0x561bc9055e40 .concat [ 3 7 0 0], L_0x561bc9055c50, L_0x561bc9055bb0;
L_0x561bc9055f80 .part L_0x561bc906e4b0, 0, 31;
L_0x561bc9056070 .concat [ 1 31 0 0], L_0x7feeab4a1018, L_0x561bc9055f80;
L_0x561bc90561b0 .cmp/eq 32, L_0x561bc906b940, L_0x561bc906be40;
L_0x561bc90662c0 .cmp/ge 32, L_0x7feeab4a1060, v0x561bc90544b0_0;
L_0x561bc9066360 .functor MUXZ 1, L_0x561bc906b560, L_0x7feeab4a10a8, L_0x561bc90662c0, C4<>;
L_0x561bc9066670 .cmp/eeq 32, v0x561bc904bf80_0, L_0x7feeab4a10f0;
L_0x561bc9066760 .functor MUXZ 1, L_0x561bc906ab50, L_0x7feeab4a1138, L_0x561bc9066670, C4<>;
L_0x561bc90669c0 .cmp/eeq 32, v0x561bc904bf80_0, L_0x7feeab4a1180;
L_0x561bc9066ab0 .functor MUXZ 1, L_0x561bc906a380, L_0x7feeab4a11c8, L_0x561bc90669c0, C4<>;
L_0x561bc9066d20 .cmp/eeq 32, v0x561bc904bf80_0, L_0x7feeab4a1210;
L_0x561bc9066ea0 .functor MUXZ 1, L_0x561bc9069a10, L_0x7feeab4a1258, L_0x561bc9066d20, C4<>;
L_0x561bc90670d0 .cmp/eeq 32, v0x561bc904bf80_0, L_0x7feeab4a12a0;
L_0x561bc90671c0 .functor MUXZ 1, L_0x561bc9068b80, L_0x7feeab4a12e8, L_0x561bc90670d0, C4<>;
L_0x561bc9066f40 .cmp/ge 32, L_0x7feeab4a1330, v0x561bc90544b0_0;
L_0x561bc90674f0 .functor MUXZ 5, v0x561bc9048840_0, L_0x7feeab4a1378, L_0x561bc9066f40, C4<>;
L_0x561bc9067740 .cmp/ge 32, L_0x7feeab4a13c0, v0x561bc90544b0_0;
L_0x561bc9067830 .functor MUXZ 32, L_0x561bc906c270, L_0x7feeab4a1408, L_0x561bc9067740, C4<>;
L_0x561bc9067a40 .cmp/eeq 32, v0x561bc904bf80_0, L_0x7feeab4a1450;
L_0x561bc9067d50 .functor MUXZ 1, L_0x561bc906a540, L_0x7feeab4a1498, L_0x561bc9067a40, C4<>;
L_0x561bc9068010 .arith/sum 32, v0x561bc904bf80_0, L_0x7feeab4a14e0;
L_0x561bc9068150 .arith/sum 32, v0x561bc9047640_0, L_0x561bc9056070;
L_0x561bc90683d0 .cmp/eeq 32, v0x561bc90474a0_0, L_0x7feeab4a1528;
L_0x561bc90684c0 .concat [ 1 1 0 0], L_0x561bc906b3a0, L_0x7feeab4a15b8;
L_0x561bc9068700 .functor MUXZ 2, L_0x561bc90684c0, L_0x7feeab4a1570, L_0x561bc90683d0, C4<>;
L_0x561bc9068890 .part L_0x561bc9068700, 0, 1;
L_0x561bc906c3b0 .part L_0x561bc9072070, 0, 1;
L_0x561bc906c580 .part L_0x561bc9072070, 1, 1;
L_0x561bc906c7e0 .part L_0x561bc90722f0, 0, 1;
L_0x561bc906c9c0 .part L_0x561bc90722f0, 1, 1;
S_0x561bc8fe0b70 .scope module, "ALU" "ALU" 3 227, 4 1 0, S_0x561bc8ff4190;
 .timescale 0 0;
    .port_info 0 /INPUT 32 "data1_i"
    .port_info 1 /INPUT 32 "data2_i"
    .port_info 2 /INPUT 3 "ALUCtrl_i"
    .port_info 3 /OUTPUT 32 "data_o"
v0x561bc9028d40_0 .net "ALUCtrl_i", 2 0, L_0x561bc906f7c0;  alias, 1 drivers
v0x561bc9015f80_0 .net/s "data1_i", 31 0, L_0x561bc906c450;  alias, 1 drivers
v0x561bc8ff7d30_0 .net/s "data2_i", 31 0, L_0x561bc906c010;  alias, 1 drivers
v0x561bc8fe6c40_0 .var "data_o", 31 0;
E_0x561bc8f6f5c0 .event edge, v0x561bc9028d40_0, v0x561bc8ff7d30_0, v0x561bc9015f80_0;
S_0x561bc903b460 .scope module, "ALU_Control" "ALU_Control" 3 234, 5 1 0, S_0x561bc8ff4190;
 .timescale 0 0;
    .port_info 0 /INPUT 10 "funct_i"
    .port_info 1 /INPUT 2 "ALUOp_i"
    .port_info 2 /OUTPUT 3 "ALUCtrl_o"
L_0x561bc906dc00 .functor OR 1, L_0x561bc906e6a0, L_0x561bc906e740, C4<0>, C4<0>;
L_0x561bc906e8d0 .functor NOT 1, L_0x561bc906e830, C4<0>, C4<0>, C4<0>;
L_0x561bc906e940 .functor OR 1, L_0x561bc906dc00, L_0x561bc906e8d0, C4<0>, C4<0>;
L_0x561bc906ea50 .functor AND 1, L_0x561bc906e280, L_0x561bc906e940, C4<1>, C4<1>;
L_0x561bc906ec00 .functor NOT 1, L_0x561bc906eb60, C4<0>, C4<0>, C4<0>;
L_0x561bc906eda0 .functor NOT 1, L_0x561bc906ecc0, C4<0>, C4<0>, C4<0>;
L_0x561bc906eea0 .functor OR 1, L_0x561bc906ec00, L_0x561bc906eda0, C4<0>, C4<0>;
L_0x561bc906f050 .functor NOT 1, L_0x561bc906efb0, C4<0>, C4<0>, C4<0>;
L_0x561bc906f250 .functor NOT 1, L_0x561bc906f160, C4<0>, C4<0>, C4<0>;
L_0x561bc906f310 .functor AND 1, L_0x561bc906f050, L_0x561bc906f250, C4<1>, C4<1>;
L_0x561bc906f4c0 .functor NOT 1, L_0x561bc906f420, C4<0>, C4<0>, C4<0>;
L_0x561bc906f530 .functor AND 1, L_0x561bc906f310, L_0x561bc906f4c0, C4<1>, C4<1>;
L_0x561bc906f6b0 .functor OR 1, L_0x561bc906eea0, L_0x561bc906f530, C4<0>, C4<0>;
L_0x561bc906f9a0 .functor NOT 1, L_0x561bc906f900, C4<0>, C4<0>, C4<0>;
L_0x561bc906f640 .functor NOT 1, L_0x561bc906fa90, C4<0>, C4<0>, C4<0>;
L_0x561bc906fda0 .functor AND 1, L_0x561bc906f640, L_0x561bc906fbf0, C4<1>, C4<1>;
L_0x561bc906ff40 .functor OR 1, L_0x561bc906f9a0, L_0x561bc906fda0, C4<0>, C4<0>;
L_0x561bc906fb30 .functor NOT 1, L_0x561bc9070050, C4<0>, C4<0>, C4<0>;
L_0x561bc9070300 .functor NOT 1, L_0x561bc9070260, C4<0>, C4<0>, C4<0>;
L_0x561bc90703c0 .functor AND 1, L_0x561bc906fb30, L_0x561bc9070300, C4<1>, C4<1>;
L_0x561bc9070610 .functor AND 1, L_0x561bc90703c0, L_0x561bc90701c0, C4<1>, C4<1>;
L_0x561bc9070720 .functor OR 1, L_0x561bc906ff40, L_0x561bc9070610, C4<0>, C4<0>;
v0x561bc8fe3a70_0 .net "ALUCtrl_o", 2 0, L_0x561bc906f7c0;  alias, 1 drivers
v0x561bc8fe4d30_0 .net "ALUOp_i", 1 0, v0x561bc9045590_0;  alias, 1 drivers
v0x561bc8fe6000_0 .net *"_s11", 0 0, L_0x561bc906e830;  1 drivers
v0x561bc903b720_0 .net *"_s12", 0 0, L_0x561bc906e8d0;  1 drivers
v0x561bc903b800_0 .net *"_s14", 0 0, L_0x561bc906e940;  1 drivers
v0x561bc903b930_0 .net *"_s16", 0 0, L_0x561bc906ea50;  1 drivers
v0x561bc903ba10_0 .net *"_s21", 0 0, L_0x561bc906eb60;  1 drivers
v0x561bc903baf0_0 .net *"_s22", 0 0, L_0x561bc906ec00;  1 drivers
v0x561bc903bbd0_0 .net *"_s25", 0 0, L_0x561bc906ecc0;  1 drivers
v0x561bc903bcb0_0 .net *"_s26", 0 0, L_0x561bc906eda0;  1 drivers
v0x561bc903bd90_0 .net *"_s28", 0 0, L_0x561bc906eea0;  1 drivers
v0x561bc903be70_0 .net *"_s3", 0 0, L_0x561bc906e280;  1 drivers
v0x561bc903bf50_0 .net *"_s31", 0 0, L_0x561bc906efb0;  1 drivers
v0x561bc903c030_0 .net *"_s32", 0 0, L_0x561bc906f050;  1 drivers
v0x561bc903c110_0 .net *"_s35", 0 0, L_0x561bc906f160;  1 drivers
v0x561bc903c1f0_0 .net *"_s36", 0 0, L_0x561bc906f250;  1 drivers
v0x561bc903c2d0_0 .net *"_s38", 0 0, L_0x561bc906f310;  1 drivers
v0x561bc903c3b0_0 .net *"_s41", 0 0, L_0x561bc906f420;  1 drivers
v0x561bc903c490_0 .net *"_s42", 0 0, L_0x561bc906f4c0;  1 drivers
v0x561bc903c570_0 .net *"_s44", 0 0, L_0x561bc906f530;  1 drivers
v0x561bc903c650_0 .net *"_s46", 0 0, L_0x561bc906f6b0;  1 drivers
v0x561bc903c730_0 .net *"_s5", 0 0, L_0x561bc906e6a0;  1 drivers
v0x561bc903c810_0 .net *"_s52", 0 0, L_0x561bc906f900;  1 drivers
v0x561bc903c8f0_0 .net *"_s53", 0 0, L_0x561bc906f9a0;  1 drivers
v0x561bc903c9d0_0 .net *"_s56", 0 0, L_0x561bc906fa90;  1 drivers
v0x561bc903cab0_0 .net *"_s57", 0 0, L_0x561bc906f640;  1 drivers
v0x561bc903cb90_0 .net *"_s60", 0 0, L_0x561bc906fbf0;  1 drivers
v0x561bc903cc70_0 .net *"_s61", 0 0, L_0x561bc906fda0;  1 drivers
v0x561bc903cd50_0 .net *"_s63", 0 0, L_0x561bc906ff40;  1 drivers
v0x561bc903ce30_0 .net *"_s66", 0 0, L_0x561bc9070050;  1 drivers
v0x561bc903cf10_0 .net *"_s67", 0 0, L_0x561bc906fb30;  1 drivers
v0x561bc903cff0_0 .net *"_s7", 0 0, L_0x561bc906e740;  1 drivers
v0x561bc903d0d0_0 .net *"_s70", 0 0, L_0x561bc9070260;  1 drivers
v0x561bc903d1b0_0 .net *"_s71", 0 0, L_0x561bc9070300;  1 drivers
v0x561bc903d290_0 .net *"_s73", 0 0, L_0x561bc90703c0;  1 drivers
v0x561bc903d370_0 .net *"_s76", 0 0, L_0x561bc90701c0;  1 drivers
v0x561bc903d450_0 .net *"_s77", 0 0, L_0x561bc9070610;  1 drivers
v0x561bc903d530_0 .net *"_s79", 0 0, L_0x561bc9070720;  1 drivers
v0x561bc903d610_0 .net *"_s8", 0 0, L_0x561bc906dc00;  1 drivers
v0x561bc903d6f0_0 .net "funct_i", 9 0, v0x561bc9046a00_0;  alias, 1 drivers
L_0x561bc906e280 .part v0x561bc9045590_0, 0, 1;
L_0x561bc906e6a0 .part v0x561bc9046a00_0, 8, 1;
L_0x561bc906e740 .part v0x561bc9046a00_0, 3, 1;
L_0x561bc906e830 .part v0x561bc9045590_0, 1, 1;
L_0x561bc906eb60 .part v0x561bc9045590_0, 1, 1;
L_0x561bc906ecc0 .part v0x561bc9045590_0, 0, 1;
L_0x561bc906efb0 .part v0x561bc9046a00_0, 8, 1;
L_0x561bc906f160 .part v0x561bc9046a00_0, 3, 1;
L_0x561bc906f420 .part v0x561bc9046a00_0, 2, 1;
L_0x561bc906f7c0 .concat8 [ 1 1 1 0], L_0x561bc9070720, L_0x561bc906f6b0, L_0x561bc906ea50;
L_0x561bc906f900 .part v0x561bc9045590_0, 0, 1;
L_0x561bc906fa90 .part v0x561bc9045590_0, 1, 1;
L_0x561bc906fbf0 .part v0x561bc9046a00_0, 0, 1;
L_0x561bc9070050 .part v0x561bc9046a00_0, 8, 1;
L_0x561bc9070260 .part v0x561bc9046a00_0, 0, 1;
L_0x561bc90701c0 .part v0x561bc9045590_0, 1, 1;
S_0x561bc903d850 .scope module, "Control" "Control" 3 125, 6 1 0, S_0x561bc8ff4190;
 .timescale 0 0;
    .port_info 0 /INPUT 7 "Op_i"
    .port_info 1 /INPUT 1 "NoOp_i"
    .port_info 2 /OUTPUT 2 "ALUOp_o"
    .port_info 3 /OUTPUT 1 "ALUSrc_o"
    .port_info 4 /OUTPUT 1 "RegWrite_o"
    .port_info 5 /OUTPUT 1 "MemtoReg_o"
    .port_info 6 /OUTPUT 1 "MemRead_o"
    .port_info 7 /OUTPUT 1 "MemWrite_o"
    .port_info 8 /OUTPUT 1 "Branch_o"
L_0x561bc9066400 .functor NOT 1, L_0x561bc9068890, C4<0>, C4<0>, C4<0>;
L_0x561bc9068b80 .functor AND 1, L_0x561bc9066400, L_0x561bc9068ae0, C4<1>, C4<1>;
L_0x561bc9068c90 .functor NOT 1, L_0x561bc9068890, C4<0>, C4<0>, C4<0>;
L_0x561bc9068da0 .functor NOT 1, L_0x561bc9068d00, C4<0>, C4<0>, C4<0>;
L_0x561bc9068eb0 .functor NOT 1, L_0x561bc9068e10, C4<0>, C4<0>, C4<0>;
L_0x561bc9068f20 .functor OR 1, L_0x561bc9068da0, L_0x561bc9068eb0, C4<0>, C4<0>;
L_0x561bc9069070 .functor AND 1, L_0x561bc9068c90, L_0x561bc9068f20, C4<1>, C4<1>;
L_0x561bc9069270 .functor NOT 2, L_0x561bc9069180, C4<00>, C4<00>, C4<00>;
L_0x561bc9069420 .functor AND 2, L_0x561bc9069270, L_0x561bc9069380, C4<11>, C4<11>;
L_0x561bc9069530 .functor NOT 1, L_0x561bc9068890, C4<0>, C4<0>, C4<0>;
L_0x561bc90696e0 .functor NOT 1, L_0x561bc9069600, C4<0>, C4<0>, C4<0>;
L_0x561bc9069900 .functor AND 1, L_0x561bc90696e0, L_0x561bc9069750, C4<1>, C4<1>;
L_0x561bc9069b70 .functor NOT 1, L_0x561bc9069a80, C4<0>, C4<0>, C4<0>;
L_0x561bc9069c30 .functor AND 1, L_0x561bc9069900, L_0x561bc9069b70, C4<1>, C4<1>;
L_0x561bc9069a10 .functor AND 1, L_0x561bc9069530, L_0x561bc9069c30, C4<1>, C4<1>;
L_0x561bc9069e60 .functor NOT 1, L_0x561bc9068890, C4<0>, C4<0>, C4<0>;
L_0x561bc906a000 .functor NOT 1, L_0x561bc9069f60, C4<0>, C4<0>, C4<0>;
L_0x561bc906a160 .functor NOT 1, L_0x561bc906a0c0, C4<0>, C4<0>, C4<0>;
L_0x561bc906a270 .functor AND 1, L_0x561bc906a000, L_0x561bc906a160, C4<1>, C4<1>;
L_0x561bc906a380 .functor AND 1, L_0x561bc9069e60, L_0x561bc906a270, C4<1>, C4<1>;
L_0x561bc906a540 .functor BUFZ 1, L_0x561bc906a380, C4<0>, C4<0>, C4<0>;
L_0x561bc906a5b0 .functor NOT 1, L_0x561bc9068890, C4<0>, C4<0>, C4<0>;
L_0x561bc906a7f0 .functor NOT 1, L_0x561bc906a1d0, C4<0>, C4<0>, C4<0>;
L_0x561bc906a970 .functor OR 1, L_0x561bc906a7f0, L_0x561bc906a860, C4<0>, C4<0>;
L_0x561bc906ab50 .functor AND 1, L_0x561bc906a5b0, L_0x561bc906a970, C4<1>, C4<1>;
v0x561bc903da20_0 .net "ALUOp_o", 1 0, L_0x561bc9069420;  alias, 1 drivers
v0x561bc903dae0_0 .net "ALUSrc_o", 0 0, L_0x561bc9069070;  alias, 1 drivers
v0x561bc903dba0_0 .net "Branch_o", 0 0, L_0x561bc9068b80;  alias, 1 drivers
v0x561bc903dc70_0 .net "MemRead_o", 0 0, L_0x561bc906a380;  alias, 1 drivers
v0x561bc903dd30_0 .net "MemWrite_o", 0 0, L_0x561bc9069a10;  alias, 1 drivers
v0x561bc903de40_0 .net "MemtoReg_o", 0 0, L_0x561bc906a540;  alias, 1 drivers
v0x561bc903df00_0 .net "NoOp_i", 0 0, L_0x561bc9068890;  alias, 1 drivers
v0x561bc903dfc0_0 .net "Op_i", 6 0, L_0x561bc9055750;  alias, 1 drivers
v0x561bc903e0a0_0 .net "RegWrite_o", 0 0, L_0x561bc906ab50;  alias, 1 drivers
v0x561bc903e160_0 .net *"_s0", 0 0, L_0x561bc9066400;  1 drivers
v0x561bc903e240_0 .net *"_s10", 0 0, L_0x561bc9068da0;  1 drivers
v0x561bc903e320_0 .net *"_s13", 0 0, L_0x561bc9068e10;  1 drivers
v0x561bc903e400_0 .net *"_s14", 0 0, L_0x561bc9068eb0;  1 drivers
v0x561bc903e4e0_0 .net *"_s16", 0 0, L_0x561bc9068f20;  1 drivers
v0x561bc903e5a0_0 .net *"_s20", 1 0, L_0x561bc9069180;  1 drivers
L_0x7feeab4a1600 .functor BUFT 1, C4<0>, C4<0>, C4<0>, C4<0>;
v0x561bc903e680_0 .net *"_s23", 0 0, L_0x7feeab4a1600;  1 drivers
v0x561bc903e760_0 .net *"_s24", 1 0, L_0x561bc9069270;  1 drivers
v0x561bc903e840_0 .net *"_s27", 1 0, L_0x561bc9069380;  1 drivers
v0x561bc903e920_0 .net *"_s3", 0 0, L_0x561bc9068ae0;  1 drivers
v0x561bc903ea00_0 .net *"_s30", 0 0, L_0x561bc9069530;  1 drivers
v0x561bc903eae0_0 .net *"_s33", 0 0, L_0x561bc9069600;  1 drivers
v0x561bc903ebc0_0 .net *"_s34", 0 0, L_0x561bc90696e0;  1 drivers
v0x561bc903eca0_0 .net *"_s37", 0 0, L_0x561bc9069750;  1 drivers
v0x561bc903ed80_0 .net *"_s38", 0 0, L_0x561bc9069900;  1 drivers
v0x561bc903ee40_0 .net *"_s41", 0 0, L_0x561bc9069a80;  1 drivers
v0x561bc903ef20_0 .net *"_s42", 0 0, L_0x561bc9069b70;  1 drivers
v0x561bc903f000_0 .net *"_s44", 0 0, L_0x561bc9069c30;  1 drivers
v0x561bc903f0c0_0 .net *"_s48", 0 0, L_0x561bc9069e60;  1 drivers
v0x561bc903f1a0_0 .net *"_s51", 0 0, L_0x561bc9069f60;  1 drivers
v0x561bc903f280_0 .net *"_s52", 0 0, L_0x561bc906a000;  1 drivers
v0x561bc903f360_0 .net *"_s55", 0 0, L_0x561bc906a0c0;  1 drivers
v0x561bc903f440_0 .net *"_s56", 0 0, L_0x561bc906a160;  1 drivers
v0x561bc903f520_0 .net *"_s58", 0 0, L_0x561bc906a270;  1 drivers
v0x561bc903f7f0_0 .net *"_s6", 0 0, L_0x561bc9068c90;  1 drivers
v0x561bc903f8d0_0 .net *"_s64", 0 0, L_0x561bc906a5b0;  1 drivers
v0x561bc903f9b0_0 .net *"_s67", 0 0, L_0x561bc906a1d0;  1 drivers
v0x561bc903fa90_0 .net *"_s68", 0 0, L_0x561bc906a7f0;  1 drivers
v0x561bc903fb70_0 .net *"_s71", 0 0, L_0x561bc906a860;  1 drivers
v0x561bc903fc50_0 .net *"_s72", 0 0, L_0x561bc906a970;  1 drivers
v0x561bc903fd10_0 .net *"_s9", 0 0, L_0x561bc9068d00;  1 drivers
L_0x561bc9068ae0 .part L_0x561bc9055750, 6, 1;
L_0x561bc9068d00 .part L_0x561bc9055750, 5, 1;
L_0x561bc9068e10 .part L_0x561bc9055750, 4, 1;
L_0x561bc9069180 .concat [ 1 1 0 0], L_0x561bc9068890, L_0x7feeab4a1600;
L_0x561bc9069380 .part L_0x561bc9055750, 4, 2;
L_0x561bc9069600 .part L_0x561bc9055750, 6, 1;
L_0x561bc9069750 .part L_0x561bc9055750, 5, 1;
L_0x561bc9069a80 .part L_0x561bc9055750, 4, 1;
L_0x561bc9069f60 .part L_0x561bc9055750, 5, 1;
L_0x561bc906a0c0 .part L_0x561bc9055750, 4, 1;
L_0x561bc906a1d0 .part L_0x561bc9055750, 5, 1;
L_0x561bc906a860 .part L_0x561bc9055750, 4, 1;
S_0x561bc903ff10 .scope module, "Data_Memory" "Data_Memory" 3 240, 7 1 0, S_0x561bc8ff4190;
 .timescale 0 0;
    .port_info 0 /INPUT 1 "clk_i"
    .port_info 1 /INPUT 32 "addr_i"
    .port_info 2 /INPUT 1 "MemRead_i"
    .port_info 3 /INPUT 1 "MemWrite_i"
    .port_info 4 /INPUT 32 "data_i"
    .port_info 5 /OUTPUT 32 "data_o"
v0x561bc9040170_0 .net "MemRead_i", 0 0, v0x561bc9041210_0;  alias, 1 drivers
v0x561bc9040250_0 .net "MemWrite_i", 0 0, v0x561bc90413d0_0;  alias, 1 drivers
v0x561bc9040310_0 .net *"_s0", 31 0, L_0x561bc9070940;  1 drivers
v0x561bc90403d0_0 .net *"_s2", 31 0, L_0x561bc9070b90;  1 drivers
v0x561bc90404b0_0 .net *"_s4", 29 0, L_0x561bc90709e0;  1 drivers
L_0x7feeab4a1768 .functor BUFT 1, C4<00>, C4<0>, C4<0>, C4<0>;
v0x561bc90405e0_0 .net *"_s6", 1 0, L_0x7feeab4a1768;  1 drivers
L_0x7feeab4a17b0 .functor BUFT 1, C4<00000000000000000000000000000000>, C4<0>, C4<0>, C4<0>;
v0x561bc90406c0_0 .net/2s *"_s8", 31 0, L_0x7feeab4a17b0;  1 drivers
v0x561bc90407a0_0 .net "addr_i", 31 0, v0x561bc90410a0_0;  alias, 1 drivers
v0x561bc9040880_0 .net "clk_i", 0 0, v0x561bc9055040_0;  alias, 1 drivers
v0x561bc9040940_0 .net "data_i", 31 0, v0x561bc90418e0_0;  alias, 1 drivers
v0x561bc9040a20_0 .net "data_o", 31 0, L_0x561bc9070d20;  alias, 1 drivers
v0x561bc9040b00 .array/s "memory", 1023 0, 31 0;
E_0x561bc8f6f380 .event posedge, v0x561bc9040880_0;
L_0x561bc9070940 .array/port v0x561bc9040b00, L_0x561bc9070b90;
L_0x561bc90709e0 .part v0x561bc90410a0_0, 2, 30;
L_0x561bc9070b90 .concat [ 30 2 0 0], L_0x561bc90709e0, L_0x7feeab4a1768;
L_0x561bc9070d20 .functor MUXZ 32, L_0x7feeab4a17b0, L_0x561bc9070940, v0x561bc9041210_0, C4<>;
S_0x561bc9040c80 .scope module, "EXMEM" "EXMEM" 3 93, 8 88 0, S_0x561bc8ff4190;
 .timescale 0 0;
    .port_info 0 /INPUT 1 "clk_i"
    .port_info 1 /INPUT 1 "RegWrite_i"
    .port_info 2 /INPUT 1 "MemtoReg_i"
    .port_info 3 /INPUT 1 "MemRead_i"
    .port_info 4 /INPUT 1 "MemWrite_i"
    .port_info 5 /INPUT 32 "ALUResult_i"
    .port_info 6 /INPUT 32 "RS2data_i"
    .port_info 7 /INPUT 5 "RDaddr_i"
    .port_info 8 /OUTPUT 1 "RegWrite_o"
    .port_info 9 /OUTPUT 1 "MemtoReg_o"
    .port_info 10 /OUTPUT 1 "MemRead_o"
    .port_info 11 /OUTPUT 1 "MemWrite_o"
    .port_info 12 /OUTPUT 32 "ALUResult_o"
    .port_info 13 /OUTPUT 32 "RS2data_o"
    .port_info 14 /OUTPUT 5 "RDaddr_o"
v0x561bc9040fc0_0 .net "ALUResult_i", 31 0, v0x561bc8fe6c40_0;  alias, 1 drivers
v0x561bc90410a0_0 .var "ALUResult_o", 31 0;
v0x561bc9041140_0 .net "MemRead_i", 0 0, v0x561bc90458f0_0;  alias, 1 drivers
v0x561bc9041210_0 .var "MemRead_o", 0 0;
v0x561bc90412e0_0 .net "MemWrite_i", 0 0, v0x561bc9045a80_0;  alias, 1 drivers
v0x561bc90413d0_0 .var "MemWrite_o", 0 0;
v0x561bc9041470_0 .net "MemtoReg_i", 0 0, v0x561bc9045c50_0;  alias, 1 drivers
v0x561bc9041510_0 .var "MemtoReg_o", 0 0;
v0x561bc90415b0_0 .net "RDaddr_i", 4 0, v0x561bc9045db0_0;  alias, 1 drivers
v0x561bc9041720_0 .var "RDaddr_o", 4 0;
v0x561bc9041800_0 .net "RS2data_i", 31 0, L_0x561bc906c920;  alias, 1 drivers
v0x561bc90418e0_0 .var "RS2data_o", 31 0;
v0x561bc90419d0_0 .net "RegWrite_i", 0 0, v0x561bc90465c0_0;  alias, 1 drivers
v0x561bc9041a70_0 .var "RegWrite_o", 0 0;
v0x561bc9041b30_0 .net "clk_i", 0 0, v0x561bc9055040_0;  alias, 1 drivers
S_0x561bc9041dc0 .scope module, "Forwarding_Unit" "Forwarding_Unit" 3 249, 9 1 0, S_0x561bc8ff4190;
 .timescale 0 0;
    .port_info 0 /INPUT 5 "RS1addr_i"
    .port_info 1 /INPUT 5 "RS2addr_i"
    .port_info 2 /INPUT 5 "RDaddrM_i"
    .port_info 3 /INPUT 1 "RegWriteM_i"
    .port_info 4 /INPUT 5 "RDaddrW_i"
    .port_info 5 /INPUT 1 "RegWriteW_i"
    .port_info 6 /OUTPUT 2 "ForwardA_o"
    .port_info 7 /OUTPUT 2 "ForwardB_o"
L_0x561bc9070f00 .functor AND 1, v0x561bc9041a70_0, L_0x561bc9070e60, C4<1>, C4<1>;
L_0x561bc9071010 .functor AND 1, L_0x561bc9070f00, L_0x561bc9070f70, C4<1>, C4<1>;
L_0x561bc9071210 .functor AND 1, v0x561bc9041a70_0, L_0x561bc9071120, C4<1>, C4<1>;
L_0x561bc9071370 .functor AND 1, L_0x561bc9071210, L_0x561bc90712d0, C4<1>, C4<1>;
L_0x561bc9071570 .functor AND 1, v0x561bc9048a50_0, L_0x561bc9071480, C4<1>, C4<1>;
L_0x561bc9071710 .functor AND 1, L_0x561bc9071570, L_0x561bc9071630, C4<1>, C4<1>;
L_0x561bc9071a10 .functor AND 1, v0x561bc9048a50_0, L_0x561bc9071810, C4<1>, C4<1>;
L_0x561bc9071bc0 .functor AND 1, L_0x561bc9071a10, L_0x561bc9071ad0, C4<1>, C4<1>;
v0x561bc9042060_0 .net "ForwardA_o", 1 0, L_0x561bc9072070;  alias, 1 drivers
v0x561bc9042160_0 .net "ForwardB_o", 1 0, L_0x561bc90722f0;  alias, 1 drivers
v0x561bc9042240_0 .net "RDaddrM_i", 4 0, v0x561bc9041720_0;  alias, 1 drivers
v0x561bc9042340_0 .net "RDaddrW_i", 4 0, L_0x561bc90674f0;  alias, 1 drivers
v0x561bc9042400_0 .net "RS1addr_i", 4 0, v0x561bc9045f30_0;  alias, 1 drivers
v0x561bc9042530_0 .net "RS2addr_i", 4 0, v0x561bc9046290_0;  alias, 1 drivers
v0x561bc9042610_0 .net "RegWriteM_i", 0 0, v0x561bc9041a70_0;  alias, 1 drivers
v0x561bc90426b0_0 .net "RegWriteW_i", 0 0, v0x561bc9048a50_0;  alias, 1 drivers
L_0x7feeab4a17f8 .functor BUFT 1, C4<00000>, C4<0>, C4<0>, C4<0>;
v0x561bc9042750_0 .net/2u *"_s0", 4 0, L_0x7feeab4a17f8;  1 drivers
L_0x7feeab4a1840 .functor BUFT 1, C4<00000>, C4<0>, C4<0>, C4<0>;
v0x561bc90428c0_0 .net/2u *"_s10", 4 0, L_0x7feeab4a1840;  1 drivers
v0x561bc90429a0_0 .net *"_s12", 0 0, L_0x561bc9071120;  1 drivers
v0x561bc9042a60_0 .net *"_s14", 0 0, L_0x561bc9071210;  1 drivers
v0x561bc9042b40_0 .net *"_s16", 0 0, L_0x561bc90712d0;  1 drivers
v0x561bc9042c00_0 .net *"_s2", 0 0, L_0x561bc9070e60;  1 drivers
L_0x7feeab4a1888 .functor BUFT 1, C4<00000>, C4<0>, C4<0>, C4<0>;
v0x561bc9042cc0_0 .net/2u *"_s20", 4 0, L_0x7feeab4a1888;  1 drivers
v0x561bc9042da0_0 .net *"_s22", 0 0, L_0x561bc9071480;  1 drivers
v0x561bc9042e60_0 .net *"_s24", 0 0, L_0x561bc9071570;  1 drivers
v0x561bc9042f40_0 .net *"_s26", 0 0, L_0x561bc9071630;  1 drivers
L_0x7feeab4a18d0 .functor BUFT 1, C4<00000>, C4<0>, C4<0>, C4<0>;
v0x561bc9043000_0 .net/2u *"_s30", 4 0, L_0x7feeab4a18d0;  1 drivers
v0x561bc90430e0_0 .net *"_s32", 0 0, L_0x561bc9071810;  1 drivers
v0x561bc90431a0_0 .net *"_s34", 0 0, L_0x561bc9071a10;  1 drivers
v0x561bc9043280_0 .net *"_s36", 0 0, L_0x561bc9071ad0;  1 drivers
v0x561bc9043340_0 .net *"_s4", 0 0, L_0x561bc9070f00;  1 drivers
L_0x7feeab4a1918 .functor BUFT 1, C4<01>, C4<0>, C4<0>, C4<0>;
v0x561bc9043420_0 .net/2u *"_s40", 1 0, L_0x7feeab4a1918;  1 drivers
L_0x7feeab4a1960 .functor BUFT 1, C4<00>, C4<0>, C4<0>, C4<0>;
v0x561bc9043500_0 .net/2u *"_s42", 1 0, L_0x7feeab4a1960;  1 drivers
L_0x7feeab4a19a8 .functor BUFT 1, C4<10>, C4<0>, C4<0>, C4<0>;
v0x561bc90435e0_0 .net/2u *"_s46", 1 0, L_0x7feeab4a19a8;  1 drivers
L_0x7feeab4a19f0 .functor BUFT 1, C4<01>, C4<0>, C4<0>, C4<0>;
v0x561bc90436c0_0 .net/2u *"_s50", 1 0, L_0x7feeab4a19f0;  1 drivers
L_0x7feeab4a1a38 .functor BUFT 1, C4<00>, C4<0>, C4<0>, C4<0>;
v0x561bc90437a0_0 .net/2u *"_s52", 1 0, L_0x7feeab4a1a38;  1 drivers
L_0x7feeab4a1a80 .functor BUFT 1, C4<10>, C4<0>, C4<0>, C4<0>;
v0x561bc9043880_0 .net/2u *"_s56", 1 0, L_0x7feeab4a1a80;  1 drivers
v0x561bc9043960_0 .net *"_s6", 0 0, L_0x561bc9070f70;  1 drivers
v0x561bc9043a20_0 .net "cA1", 0 0, L_0x561bc9071010;  1 drivers
v0x561bc9043ae0_0 .net "cA2", 0 0, L_0x561bc9071710;  1 drivers
v0x561bc9043ba0_0 .net "cB1", 0 0, L_0x561bc9071370;  1 drivers
v0x561bc9043e70_0 .net "cB2", 0 0, L_0x561bc9071bc0;  1 drivers
v0x561bc9043f30_0 .net "tmpA", 1 0, L_0x561bc9071ee0;  1 drivers
v0x561bc9044010_0 .net "tmpB", 1 0, L_0x561bc9072160;  1 drivers
L_0x561bc9070e60 .cmp/nee 5, v0x561bc9041720_0, L_0x7feeab4a17f8;
L_0x561bc9070f70 .cmp/eeq 5, v0x561bc9041720_0, v0x561bc9045f30_0;
L_0x561bc9071120 .cmp/nee 5, v0x561bc9041720_0, L_0x7feeab4a1840;
L_0x561bc90712d0 .cmp/eeq 5, v0x561bc9041720_0, v0x561bc9046290_0;
L_0x561bc9071480 .cmp/nee 5, L_0x561bc90674f0, L_0x7feeab4a1888;
L_0x561bc9071630 .cmp/eeq 5, L_0x561bc90674f0, v0x561bc9045f30_0;
L_0x561bc9071810 .cmp/nee 5, L_0x561bc90674f0, L_0x7feeab4a18d0;
L_0x561bc9071ad0 .cmp/eeq 5, L_0x561bc90674f0, v0x561bc9046290_0;
L_0x561bc9071ee0 .functor MUXZ 2, L_0x7feeab4a1960, L_0x7feeab4a1918, L_0x561bc9071710, C4<>;
L_0x561bc9072070 .functor MUXZ 2, L_0x561bc9071ee0, L_0x7feeab4a19a8, L_0x561bc9071010, C4<>;
L_0x561bc9072160 .functor MUXZ 2, L_0x7feeab4a1a38, L_0x7feeab4a19f0, L_0x561bc9071bc0, C4<>;
L_0x561bc90722f0 .functor MUXZ 2, L_0x561bc9072160, L_0x7feeab4a1a80, L_0x561bc9071370, C4<>;
S_0x561bc90441f0 .scope module, "Hazard_Detection_Unit" "Hazard_Detection_Unit" 3 151, 10 1 0, S_0x561bc8ff4190;
 .timescale 0 0;
    .port_info 0 /INPUT 1 "MemRead_i"
    .port_info 1 /INPUT 5 "RDaddr_i"
    .port_info 2 /INPUT 5 "RS1addr_i"
    .port_info 3 /INPUT 5 "RS2addr_i"
    .port_info 4 /OUTPUT 1 "NoOp_o"
    .port_info 5 /OUTPUT 1 "Stall_o"
    .port_info 6 /OUTPUT 1 "PCWrite_o"
L_0x561bc906b130 .functor OR 1, L_0x561bc906aff0, L_0x561bc906b090, C4<0>, C4<0>;
L_0x561bc906b2e0 .functor AND 1, L_0x561bc906b1f0, v0x561bc90458f0_0, C4<1>, C4<1>;
L_0x561bc906b3a0 .functor AND 1, L_0x561bc906b2e0, L_0x561bc906b130, C4<1>, C4<1>;
L_0x561bc906b460 .functor BUFZ 1, L_0x561bc906b3a0, C4<0>, C4<0>, C4<0>;
L_0x561bc906b560 .functor NOT 1, L_0x561bc906b3a0, C4<0>, C4<0>, C4<0>;
v0x561bc9044420_0 .net "MemRead_i", 0 0, v0x561bc90458f0_0;  alias, 1 drivers
v0x561bc9044510_0 .net "NoOp_o", 0 0, L_0x561bc906b3a0;  alias, 1 drivers
v0x561bc90445b0_0 .net "PCWrite_o", 0 0, L_0x561bc906b560;  alias, 1 drivers
v0x561bc9044680_0 .net "RDaddr_i", 4 0, v0x561bc9045db0_0;  alias, 1 drivers
v0x561bc9044770_0 .net "RS1addr_i", 4 0, L_0x561bc90558b0;  alias, 1 drivers
v0x561bc9044880_0 .net "RS2addr_i", 4 0, L_0x561bc9055950;  alias, 1 drivers
v0x561bc9044960_0 .net "Stall_o", 0 0, L_0x561bc906b460;  alias, 1 drivers
v0x561bc9044a20_0 .net *"_s0", 0 0, L_0x561bc906aff0;  1 drivers
v0x561bc9044ae0_0 .net *"_s10", 0 0, L_0x561bc906b2e0;  1 drivers
v0x561bc9044bc0_0 .net *"_s2", 0 0, L_0x561bc906b090;  1 drivers
L_0x7feeab4a1690 .functor BUFT 1, C4<00000>, C4<0>, C4<0>, C4<0>;
v0x561bc9044c80_0 .net/2u *"_s6", 4 0, L_0x7feeab4a1690;  1 drivers
v0x561bc9044d60_0 .net *"_s8", 0 0, L_0x561bc906b1f0;  1 drivers
v0x561bc9044e20_0 .net "tmp", 0 0, L_0x561bc906b130;  1 drivers
L_0x561bc906aff0 .cmp/eq 5, v0x561bc9045db0_0, L_0x561bc90558b0;
L_0x561bc906b090 .cmp/eq 5, v0x561bc9045db0_0, L_0x561bc9055950;
L_0x561bc906b1f0 .cmp/nee 5, v0x561bc9045db0_0, L_0x7feeab4a1690;
S_0x561bc9044fc0 .scope module, "IDEX" "IDEX" 3 63, 8 31 0, S_0x561bc8ff4190;
 .timescale 0 0;
    .port_info 0 /INPUT 1 "clk_i"
    .port_info 1 /INPUT 2 "ALUOp_i"
    .port_info 2 /INPUT 1 "ALUSrc_i"
    .port_info 3 /INPUT 1 "RegWrite_i"
    .port_info 4 /INPUT 1 "MemtoReg_i"
    .port_info 5 /INPUT 1 "MemRead_i"
    .port_info 6 /INPUT 1 "MemWrite_i"
    .port_info 7 /INPUT 32 "RS1data_i"
    .port_info 8 /INPUT 32 "RS2data_i"
    .port_info 9 /INPUT 32 "SE_i"
    .port_info 10 /INPUT 10 "funct_i"
    .port_info 11 /INPUT 5 "RS1addr_i"
    .port_info 12 /INPUT 5 "RS2addr_i"
    .port_info 13 /INPUT 5 "RDaddr_i"
    .port_info 14 /OUTPUT 1 "RegWrite_o"
    .port_info 15 /OUTPUT 1 "MemtoReg_o"
    .port_info 16 /OUTPUT 1 "MemRead_o"
    .port_info 17 /OUTPUT 1 "MemWrite_o"
    .port_info 18 /OUTPUT 2 "ALUOp_o"
    .port_info 19 /OUTPUT 1 "ALUSrc_o"
    .port_info 20 /OUTPUT 32 "RS1data_o"
    .port_info 21 /OUTPUT 32 "RS2data_o"
    .port_info 22 /OUTPUT 32 "SE_o"
    .port_info 23 /OUTPUT 10 "funct_o"
    .port_info 24 /OUTPUT 5 "RS1addr_o"
    .port_info 25 /OUTPUT 5 "RS2addr_o"
    .port_info 26 /OUTPUT 5 "RDaddr_o"
v0x561bc90454b0_0 .net "ALUOp_i", 1 0, L_0x561bc9069420;  alias, 1 drivers
v0x561bc9045590_0 .var "ALUOp_o", 1 0;
v0x561bc9045660_0 .net "ALUSrc_i", 0 0, L_0x561bc9069070;  alias, 1 drivers
v0x561bc9045760_0 .var "ALUSrc_o", 0 0;
v0x561bc9045800_0 .net "MemRead_i", 0 0, L_0x561bc9066ab0;  alias, 1 drivers
v0x561bc90458f0_0 .var "MemRead_o", 0 0;
v0x561bc90459e0_0 .net "MemWrite_i", 0 0, L_0x561bc9066ea0;  alias, 1 drivers
v0x561bc9045a80_0 .var "MemWrite_o", 0 0;
v0x561bc9045b20_0 .net "MemtoReg_i", 0 0, L_0x561bc9067d50;  alias, 1 drivers
v0x561bc9045c50_0 .var "MemtoReg_o", 0 0;
v0x561bc9045cf0_0 .net "RDaddr_i", 4 0, L_0x561bc9055a80;  alias, 1 drivers
v0x561bc9045db0_0 .var "RDaddr_o", 4 0;
v0x561bc9045e70_0 .net "RS1addr_i", 4 0, L_0x561bc90558b0;  alias, 1 drivers
v0x561bc9045f30_0 .var "RS1addr_o", 4 0;
v0x561bc9046000_0 .net "RS1data_i", 31 0, L_0x561bc906b940;  alias, 1 drivers
v0x561bc90460c0_0 .var "RS1data_o", 31 0;
v0x561bc90461a0_0 .net "RS2addr_i", 4 0, L_0x561bc9055950;  alias, 1 drivers
v0x561bc9046290_0 .var "RS2addr_o", 4 0;
v0x561bc9046360_0 .net "RS2data_i", 31 0, L_0x561bc906be40;  alias, 1 drivers
v0x561bc9046420_0 .var "RS2data_o", 31 0;
v0x561bc9046500_0 .net "RegWrite_i", 0 0, L_0x561bc9066760;  alias, 1 drivers
v0x561bc90465c0_0 .var "RegWrite_o", 0 0;
v0x561bc9046690_0 .net "SE_i", 31 0, L_0x561bc906e4b0;  alias, 1 drivers
v0x561bc9046750_0 .var "SE_o", 31 0;
v0x561bc9046830_0 .net "clk_i", 0 0, v0x561bc9055040_0;  alias, 1 drivers
v0x561bc9046920_0 .net "funct_i", 9 0, L_0x561bc9055e40;  alias, 1 drivers
v0x561bc9046a00_0 .var "funct_o", 9 0;
S_0x561bc9046ee0 .scope module, "IFID" "IFID" 3 53, 8 1 0, S_0x561bc8ff4190;
 .timescale 0 0;
    .port_info 0 /INPUT 1 "clk_i"
    .port_info 1 /INPUT 32 "instr_i"
    .port_info 2 /INPUT 1 "Stall_i"
    .port_info 3 /INPUT 1 "Flush_i"
    .port_info 4 /INPUT 32 "pc_i"
    .port_info 5 /OUTPUT 32 "instr_o"
    .port_info 6 /OUTPUT 32 "pc_o"
v0x561bc9047160_0 .net "Flush_i", 0 0, L_0x561bc90665b0;  alias, 1 drivers
v0x561bc9047240_0 .net "Stall_i", 0 0, L_0x561bc906b460;  alias, 1 drivers
v0x561bc9047330_0 .net "clk_i", 0 0, v0x561bc9055040_0;  alias, 1 drivers
v0x561bc9047400_0 .net "instr_i", 31 0, L_0x561bc906af30;  alias, 1 drivers
v0x561bc90474a0_0 .var "instr_o", 31 0;
v0x561bc9047560_0 .net "pc_i", 31 0, v0x561bc904bf80_0;  alias, 1 drivers
v0x561bc9047640_0 .var "pc_o", 31 0;
S_0x561bc9047800 .scope module, "Instruction_Memory" "Instruction_Memory" 3 146, 11 1 0, S_0x561bc8ff4190;
 .timescale 0 0;
    .port_info 0 /INPUT 32 "addr_i"
    .port_info 1 /OUTPUT 32 "instr_o"
L_0x561bc906af30 .functor BUFZ 32, L_0x561bc906ac60, C4<00000000000000000000000000000000>, C4<00000000000000000000000000000000>, C4<00000000000000000000000000000000>;
v0x561bc90479f0_0 .net *"_s0", 31 0, L_0x561bc906ac60;  1 drivers
v0x561bc9047af0_0 .net *"_s2", 31 0, L_0x561bc906ada0;  1 drivers
v0x561bc9047bd0_0 .net *"_s4", 29 0, L_0x561bc906ad00;  1 drivers
L_0x7feeab4a1648 .functor BUFT 1, C4<00>, C4<0>, C4<0>, C4<0>;
v0x561bc9047c90_0 .net *"_s6", 1 0, L_0x7feeab4a1648;  1 drivers
v0x561bc9047d70_0 .net "addr_i", 31 0, v0x561bc904bf80_0;  alias, 1 drivers
v0x561bc9047e80_0 .net "instr_o", 31 0, L_0x561bc906af30;  alias, 1 drivers
v0x561bc9047f50 .array "memory", 255 0, 31 0;
L_0x561bc906ac60 .array/port v0x561bc9047f50, L_0x561bc906ada0;
L_0x561bc906ad00 .part v0x561bc904bf80_0, 2, 30;
L_0x561bc906ada0 .concat [ 30 2 0 0], L_0x561bc906ad00, L_0x7feeab4a1648;
S_0x561bc9048050 .scope module, "MEMWB" "MEMWB" 3 111, 8 123 0, S_0x561bc8ff4190;
 .timescale 0 0;
    .port_info 0 /INPUT 1 "clk_i"
    .port_info 1 /INPUT 1 "RegWrite_i"
    .port_info 2 /INPUT 1 "MemtoReg_i"
    .port_info 3 /INPUT 32 "ALUResult_i"
    .port_info 4 /INPUT 32 "MemData_i"
    .port_info 5 /INPUT 5 "RDaddr_i"
    .port_info 6 /OUTPUT 1 "RegWrite_o"
    .port_info 7 /OUTPUT 1 "MemtoReg_o"
    .port_info 8 /OUTPUT 32 "ALUResult_o"
    .port_info 9 /OUTPUT 32 "MemData_o"
    .port_info 10 /OUTPUT 5 "RDaddr_o"
v0x561bc9048220_0 .net "ALUResult_i", 31 0, v0x561bc90410a0_0;  alias, 1 drivers
v0x561bc9048330_0 .var "ALUResult_o", 31 0;
v0x561bc9048410_0 .net "MemData_i", 31 0, L_0x561bc9070d20;  alias, 1 drivers
v0x561bc90484e0_0 .var "MemData_o", 31 0;
v0x561bc90485a0_0 .net "MemtoReg_i", 0 0, v0x561bc9041510_0;  alias, 1 drivers
v0x561bc9048690_0 .var "MemtoReg_o", 0 0;
v0x561bc9048730_0 .net "RDaddr_i", 4 0, v0x561bc9041720_0;  alias, 1 drivers
v0x561bc9048840_0 .var "RDaddr_o", 4 0;
v0x561bc9048920_0 .net "RegWrite_i", 0 0, v0x561bc9041a70_0;  alias, 1 drivers
v0x561bc9048a50_0 .var "RegWrite_o", 0 0;
v0x561bc9048af0_0 .net "clk_i", 0 0, v0x561bc9055040_0;  alias, 1 drivers
S_0x561bc9048d60 .scope module, "MUX_A" "MUX32" 3 195, 12 1 0, S_0x561bc8ff4190;
 .timescale 0 0;
    .port_info 0 /INPUT 32 "data1_i"
    .port_info 1 /INPUT 32 "data2_i"
    .port_info 2 /INPUT 1 "select_i"
    .port_info 3 /OUTPUT 32 "data_o"
v0x561bc9048ee0_0 .net "data1_i", 31 0, v0x561bc90460c0_0;  alias, 1 drivers
v0x561bc9048ff0_0 .net "data2_i", 31 0, L_0x561bc9067830;  alias, 1 drivers
v0x561bc90490b0_0 .net "data_o", 31 0, L_0x561bc906c310;  alias, 1 drivers
v0x561bc90491a0_0 .net "select_i", 0 0, L_0x561bc906c3b0;  1 drivers
L_0x561bc906c310 .functor MUXZ 32, v0x561bc90460c0_0, L_0x561bc9067830, L_0x561bc906c3b0, C4<>;
S_0x561bc9049310 .scope module, "MUX_AA" "MUX32" 3 201, 12 1 0, S_0x561bc8ff4190;
 .timescale 0 0;
    .port_info 0 /INPUT 32 "data1_i"
    .port_info 1 /INPUT 32 "data2_i"
    .port_info 2 /INPUT 1 "select_i"
    .port_info 3 /OUTPUT 32 "data_o"
v0x561bc90494e0_0 .net "data1_i", 31 0, L_0x561bc906c310;  alias, 1 drivers
v0x561bc90495f0_0 .net "data2_i", 31 0, v0x561bc90410a0_0;  alias, 1 drivers
v0x561bc9049690_0 .net "data_o", 31 0, L_0x561bc906c450;  alias, 1 drivers
v0x561bc9049790_0 .net "select_i", 0 0, L_0x561bc906c580;  1 drivers
L_0x561bc906c450 .functor MUXZ 32, L_0x561bc906c310, v0x561bc90410a0_0, L_0x561bc906c580, C4<>;
S_0x561bc90498e0 .scope module, "MUX_ALUSrc" "MUX32" 3 173, 12 1 0, S_0x561bc8ff4190;
 .timescale 0 0;
    .port_info 0 /INPUT 32 "data1_i"
    .port_info 1 /INPUT 32 "data2_i"
    .port_info 2 /INPUT 1 "select_i"
    .port_info 3 /OUTPUT 32 "data_o"
v0x561bc9049b20_0 .net "data1_i", 31 0, L_0x561bc906c920;  alias, 1 drivers
v0x561bc9049c30_0 .net "data2_i", 31 0, v0x561bc9046750_0;  alias, 1 drivers
v0x561bc9049d00_0 .net "data_o", 31 0, L_0x561bc906c010;  alias, 1 drivers
v0x561bc9049e00_0 .net "select_i", 0 0, v0x561bc9045760_0;  alias, 1 drivers
L_0x561bc906c010 .functor MUXZ 32, L_0x561bc906c920, v0x561bc9046750_0, v0x561bc9045760_0, C4<>;
S_0x561bc9049f20 .scope module, "MUX_B" "MUX32" 3 209, 12 1 0, S_0x561bc8ff4190;
 .timescale 0 0;
    .port_info 0 /INPUT 32 "data1_i"
    .port_info 1 /INPUT 32 "data2_i"
    .port_info 2 /INPUT 1 "select_i"
    .port_info 3 /OUTPUT 32 "data_o"
v0x561bc904a160_0 .net "data1_i", 31 0, v0x561bc9046420_0;  alias, 1 drivers
v0x561bc904a270_0 .net "data2_i", 31 0, L_0x561bc9067830;  alias, 1 drivers
v0x561bc904a340_0 .net "data_o", 31 0, L_0x561bc906c740;  alias, 1 drivers
v0x561bc904a410_0 .net "select_i", 0 0, L_0x561bc906c7e0;  1 drivers
L_0x561bc906c740 .functor MUXZ 32, v0x561bc9046420_0, L_0x561bc9067830, L_0x561bc906c7e0, C4<>;
S_0x561bc904a580 .scope module, "MUX_BB" "MUX32" 3 215, 12 1 0, S_0x561bc8ff4190;
 .timescale 0 0;
    .port_info 0 /INPUT 32 "data1_i"
    .port_info 1 /INPUT 32 "data2_i"
    .port_info 2 /INPUT 1 "select_i"
    .port_info 3 /OUTPUT 32 "data_o"
v0x561bc904a7c0_0 .net "data1_i", 31 0, L_0x561bc906c740;  alias, 1 drivers
v0x561bc904a8d0_0 .net "data2_i", 31 0, v0x561bc90410a0_0;  alias, 1 drivers
v0x561bc904aa00_0 .net "data_o", 31 0, L_0x561bc906c920;  alias, 1 drivers
v0x561bc904aad0_0 .net "select_i", 0 0, L_0x561bc906c9c0;  1 drivers
L_0x561bc906c920 .functor MUXZ 32, L_0x561bc906c740, v0x561bc90410a0_0, L_0x561bc906c9c0, C4<>;
S_0x561bc904ac10 .scope module, "MUX_WB" "MUX32" 3 187, 12 1 0, S_0x561bc8ff4190;
 .timescale 0 0;
    .port_info 0 /INPUT 32 "data1_i"
    .port_info 1 /INPUT 32 "data2_i"
    .port_info 2 /INPUT 1 "select_i"
    .port_info 3 /OUTPUT 32 "data_o"
v0x561bc904af60_0 .net "data1_i", 31 0, v0x561bc9048330_0;  alias, 1 drivers
v0x561bc904b070_0 .net "data2_i", 31 0, v0x561bc90484e0_0;  alias, 1 drivers
v0x561bc904b140_0 .net "data_o", 31 0, L_0x561bc906c270;  alias, 1 drivers
v0x561bc904b210_0 .net "select_i", 0 0, v0x561bc9048690_0;  alias, 1 drivers
L_0x561bc906c270 .functor MUXZ 32, v0x561bc9048330_0, v0x561bc90484e0_0, v0x561bc9048690_0, C4<>;
S_0x561bc904b370 .scope module, "MUX_Zero" "MUX32" 3 180, 12 1 0, S_0x561bc8ff4190;
 .timescale 0 0;
    .port_info 0 /INPUT 32 "data1_i"
    .port_info 1 /INPUT 32 "data2_i"
    .port_info 2 /INPUT 1 "select_i"
    .port_info 3 /OUTPUT 32 "data_o"
v0x561bc904b5b0_0 .net "data1_i", 31 0, L_0x561bc9068010;  alias, 1 drivers
v0x561bc904b6b0_0 .net "data2_i", 31 0, L_0x561bc9068150;  alias, 1 drivers
v0x561bc904b790_0 .net "data_o", 31 0, L_0x561bc906c140;  alias, 1 drivers
v0x561bc904b880_0 .net "select_i", 0 0, L_0x561bc90665b0;  alias, 1 drivers
L_0x561bc906c140 .functor MUXZ 32, L_0x561bc9068010, L_0x561bc9068150, L_0x561bc90665b0, C4<>;
S_0x561bc904b9e0 .scope module, "PC" "PC" 3 137, 13 1 0, S_0x561bc8ff4190;
 .timescale 0 0;
    .port_info 0 /INPUT 1 "clk_i"
    .port_info 1 /INPUT 1 "rst_i"
    .port_info 2 /INPUT 1 "start_i"
    .port_info 3 /INPUT 1 "PCWrite_i"
    .port_info 4 /INPUT 32 "pc_i"
    .port_info 5 /OUTPUT 32 "pc_o"
v0x561bc904bd10_0 .net "PCWrite_i", 0 0, L_0x561bc9066360;  alias, 1 drivers
v0x561bc904bdf0_0 .net "clk_i", 0 0, v0x561bc9055040_0;  alias, 1 drivers
v0x561bc904beb0_0 .net "pc_i", 31 0, L_0x561bc906c140;  alias, 1 drivers
v0x561bc904bf80_0 .var "pc_o", 31 0;
v0x561bc904c070_0 .net "rst_i", 0 0, v0x561bc90550e0_0;  alias, 1 drivers
v0x561bc904c160_0 .net "start_i", 0 0, v0x561bc90551f0_0;  alias, 1 drivers
E_0x561bc904bc90 .event posedge, v0x561bc904c070_0, v0x561bc9040880_0;
S_0x561bc904c320 .scope module, "Registers" "Registers" 3 161, 14 1 0, S_0x561bc8ff4190;
 .timescale 0 0;
    .port_info 0 /INPUT 1 "clk_i"
    .port_info 1 /INPUT 5 "RS1addr_i"
    .port_info 2 /INPUT 5 "RS2addr_i"
    .port_info 3 /INPUT 5 "RDaddr_i"
    .port_info 4 /INPUT 32 "RDdata_i"
    .port_info 5 /INPUT 1 "RegWrite_i"
    .port_info 6 /OUTPUT 32 "RS1data_o"
    .port_info 7 /OUTPUT 32 "RS2data_o"
L_0x561bc906b700 .functor AND 1, L_0x561bc906b5d0, v0x561bc9048a50_0, C4<1>, C4<1>;
L_0x561bc906bb60 .functor AND 1, L_0x561bc906bac0, v0x561bc9048a50_0, C4<1>, C4<1>;
v0x561bc904c610_0 .net "RDaddr_i", 4 0, L_0x561bc90674f0;  alias, 1 drivers
v0x561bc904c6f0_0 .net "RDdata_i", 31 0, L_0x561bc9067830;  alias, 1 drivers
v0x561bc904c7e0_0 .net "RS1addr_i", 4 0, L_0x561bc90558b0;  alias, 1 drivers
v0x561bc904c8d0_0 .net "RS1data_o", 31 0, L_0x561bc906b940;  alias, 1 drivers
v0x561bc904c990_0 .net "RS2addr_i", 4 0, L_0x561bc9055950;  alias, 1 drivers
v0x561bc904cad0_0 .net "RS2data_o", 31 0, L_0x561bc906be40;  alias, 1 drivers
v0x561bc904cb90_0 .net "RegWrite_i", 0 0, v0x561bc9048a50_0;  alias, 1 drivers
v0x561bc904cc80_0 .net *"_s0", 0 0, L_0x561bc906b5d0;  1 drivers
v0x561bc904cd20_0 .net *"_s12", 0 0, L_0x561bc906bac0;  1 drivers
v0x561bc904cde0_0 .net *"_s14", 0 0, L_0x561bc906bb60;  1 drivers
v0x561bc904cea0_0 .net *"_s16", 31 0, L_0x561bc906bc20;  1 drivers
v0x561bc904cf80_0 .net *"_s18", 6 0, L_0x561bc906bd00;  1 drivers
v0x561bc904d060_0 .net *"_s2", 0 0, L_0x561bc906b700;  1 drivers
L_0x7feeab4a1720 .functor BUFT 1, C4<00>, C4<0>, C4<0>, C4<0>;
v0x561bc904d120_0 .net *"_s21", 1 0, L_0x7feeab4a1720;  1 drivers
v0x561bc904d200_0 .net *"_s4", 31 0, L_0x561bc906b800;  1 drivers
v0x561bc904d2e0_0 .net *"_s6", 6 0, L_0x561bc906b8a0;  1 drivers
L_0x7feeab4a16d8 .functor BUFT 1, C4<00>, C4<0>, C4<0>, C4<0>;
v0x561bc904d3c0_0 .net *"_s9", 1 0, L_0x7feeab4a16d8;  1 drivers
v0x561bc904d5b0_0 .net "clk_i", 0 0, v0x561bc9055040_0;  alias, 1 drivers
v0x561bc904d650 .array/s "register", 31 0, 31 0;
L_0x561bc906b5d0 .cmp/eq 5, L_0x561bc90558b0, L_0x561bc90674f0;
L_0x561bc906b800 .array/port v0x561bc904d650, L_0x561bc906b8a0;
L_0x561bc906b8a0 .concat [ 5 2 0 0], L_0x561bc90558b0, L_0x7feeab4a16d8;
L_0x561bc906b940 .functor MUXZ 32, L_0x561bc906b800, L_0x561bc9067830, L_0x561bc906b700, C4<>;
L_0x561bc906bac0 .cmp/eq 5, L_0x561bc9055950, L_0x561bc90674f0;
L_0x561bc906bc20 .array/port v0x561bc904d650, L_0x561bc906bd00;
L_0x561bc906bd00 .concat [ 5 2 0 0], L_0x561bc9055950, L_0x7feeab4a1720;
L_0x561bc906be40 .functor MUXZ 32, L_0x561bc906bc20, L_0x561bc9067830, L_0x561bc906bb60, C4<>;
S_0x561bc904d810 .scope module, "Sign_Extend" "Sign_Extend" 3 222, 15 1 0, S_0x561bc8ff4190;
 .timescale 0 0;
    .port_info 0 /INPUT 32 "data_i"
    .port_info 1 /OUTPUT 32 "data_o"
v0x561bc904d9b0_0 .net *"_s1", 0 0, L_0x561bc906c620;  1 drivers
v0x561bc904dab0_0 .net *"_s10", 19 0, L_0x561bc906cfb0;  1 drivers
v0x561bc904db90_0 .net *"_s13", 6 0, L_0x561bc906d380;  1 drivers
v0x561bc904dc50_0 .net *"_s15", 4 0, L_0x561bc906d420;  1 drivers
v0x561bc904dd30_0 .net *"_s19", 0 0, L_0x561bc906d650;  1 drivers
v0x561bc904de60_0 .net *"_s2", 19 0, L_0x561bc906cb90;  1 drivers
v0x561bc904df40_0 .net *"_s20", 19 0, L_0x561bc906d6f0;  1 drivers
v0x561bc904e020_0 .net *"_s23", 0 0, L_0x561bc906db60;  1 drivers
v0x561bc904e100_0 .net *"_s25", 0 0, L_0x561bc906dc70;  1 drivers
v0x561bc904e1e0_0 .net *"_s27", 5 0, L_0x561bc906dd10;  1 drivers
v0x561bc904e2c0_0 .net *"_s29", 3 0, L_0x561bc906de30;  1 drivers
v0x561bc904e3a0_0 .net *"_s33", 0 0, L_0x561bc906e140;  1 drivers
v0x561bc904e480_0 .net *"_s35", 0 0, L_0x561bc906e1e0;  1 drivers
v0x561bc904e560_0 .net *"_s36", 31 0, L_0x561bc906e320;  1 drivers
v0x561bc904e640_0 .net *"_s5", 11 0, L_0x561bc906cdd0;  1 drivers
v0x561bc904e720_0 .net *"_s9", 0 0, L_0x561bc906cf10;  1 drivers
v0x561bc904e800_0 .net "data_10", 31 0, L_0x561bc906ded0;  1 drivers
v0x561bc904e9f0_0 .net "data_678", 31 0, L_0x561bc906ce70;  1 drivers
v0x561bc904ead0_0 .net "data_9", 31 0, L_0x561bc906d510;  1 drivers
v0x561bc904ebb0_0 .net "data_i", 31 0, L_0x561bc9055b20;  alias, 1 drivers
v0x561bc904ec90_0 .net "data_o", 31 0, L_0x561bc906e4b0;  alias, 1 drivers
L_0x561bc906c620 .part L_0x561bc9055b20, 31, 1;
LS_0x561bc906cb90_0_0 .concat [ 1 1 1 1], L_0x561bc906c620, L_0x561bc906c620, L_0x561bc906c620, L_0x561bc906c620;
LS_0x561bc906cb90_0_4 .concat [ 1 1 1 1], L_0x561bc906c620, L_0x561bc906c620, L_0x561bc906c620, L_0x561bc906c620;
LS_0x561bc906cb90_0_8 .concat [ 1 1 1 1], L_0x561bc906c620, L_0x561bc906c620, L_0x561bc906c620, L_0x561bc906c620;
LS_0x561bc906cb90_0_12 .concat [ 1 1 1 1], L_0x561bc906c620, L_0x561bc906c620, L_0x561bc906c620, L_0x561bc906c620;
LS_0x561bc906cb90_0_16 .concat [ 1 1 1 1], L_0x561bc906c620, L_0x561bc906c620, L_0x561bc906c620, L_0x561bc906c620;
LS_0x561bc906cb90_1_0 .concat [ 4 4 4 4], LS_0x561bc906cb90_0_0, LS_0x561bc906cb90_0_4, LS_0x561bc906cb90_0_8, LS_0x561bc906cb90_0_12;
LS_0x561bc906cb90_1_4 .concat [ 4 0 0 0], LS_0x561bc906cb90_0_16;
L_0x561bc906cb90 .concat [ 16 4 0 0], LS_0x561bc906cb90_1_0, LS_0x561bc906cb90_1_4;
L_0x561bc906cdd0 .part L_0x561bc9055b20, 20, 12;
L_0x561bc906ce70 .concat [ 12 20 0 0], L_0x561bc906cdd0, L_0x561bc906cb90;
L_0x561bc906cf10 .part L_0x561bc9055b20, 31, 1;
LS_0x561bc906cfb0_0_0 .concat [ 1 1 1 1], L_0x561bc906cf10, L_0x561bc906cf10, L_0x561bc906cf10, L_0x561bc906cf10;
LS_0x561bc906cfb0_0_4 .concat [ 1 1 1 1], L_0x561bc906cf10, L_0x561bc906cf10, L_0x561bc906cf10, L_0x561bc906cf10;
LS_0x561bc906cfb0_0_8 .concat [ 1 1 1 1], L_0x561bc906cf10, L_0x561bc906cf10, L_0x561bc906cf10, L_0x561bc906cf10;
LS_0x561bc906cfb0_0_12 .concat [ 1 1 1 1], L_0x561bc906cf10, L_0x561bc906cf10, L_0x561bc906cf10, L_0x561bc906cf10;
LS_0x561bc906cfb0_0_16 .concat [ 1 1 1 1], L_0x561bc906cf10, L_0x561bc906cf10, L_0x561bc906cf10, L_0x561bc906cf10;
LS_0x561bc906cfb0_1_0 .concat [ 4 4 4 4], LS_0x561bc906cfb0_0_0, LS_0x561bc906cfb0_0_4, LS_0x561bc906cfb0_0_8, LS_0x561bc906cfb0_0_12;
LS_0x561bc906cfb0_1_4 .concat [ 4 0 0 0], LS_0x561bc906cfb0_0_16;
L_0x561bc906cfb0 .concat [ 16 4 0 0], LS_0x561bc906cfb0_1_0, LS_0x561bc906cfb0_1_4;
L_0x561bc906d380 .part L_0x561bc9055b20, 25, 7;
L_0x561bc906d420 .part L_0x561bc9055b20, 7, 5;
L_0x561bc906d510 .concat [ 5 7 20 0], L_0x561bc906d420, L_0x561bc906d380, L_0x561bc906cfb0;
L_0x561bc906d650 .part L_0x561bc9055b20, 31, 1;
LS_0x561bc906d6f0_0_0 .concat [ 1 1 1 1], L_0x561bc906d650, L_0x561bc906d650, L_0x561bc906d650, L_0x561bc906d650;
LS_0x561bc906d6f0_0_4 .concat [ 1 1 1 1], L_0x561bc906d650, L_0x561bc906d650, L_0x561bc906d650, L_0x561bc906d650;
LS_0x561bc906d6f0_0_8 .concat [ 1 1 1 1], L_0x561bc906d650, L_0x561bc906d650, L_0x561bc906d650, L_0x561bc906d650;
LS_0x561bc906d6f0_0_12 .concat [ 1 1 1 1], L_0x561bc906d650, L_0x561bc906d650, L_0x561bc906d650, L_0x561bc906d650;
LS_0x561bc906d6f0_0_16 .concat [ 1 1 1 1], L_0x561bc906d650, L_0x561bc906d650, L_0x561bc906d650, L_0x561bc906d650;
LS_0x561bc906d6f0_1_0 .concat [ 4 4 4 4], LS_0x561bc906d6f0_0_0, LS_0x561bc906d6f0_0_4, LS_0x561bc906d6f0_0_8, LS_0x561bc906d6f0_0_12;
LS_0x561bc906d6f0_1_4 .concat [ 4 0 0 0], LS_0x561bc906d6f0_0_16;
L_0x561bc906d6f0 .concat [ 16 4 0 0], LS_0x561bc906d6f0_1_0, LS_0x561bc906d6f0_1_4;
L_0x561bc906db60 .part L_0x561bc9055b20, 31, 1;
L_0x561bc906dc70 .part L_0x561bc9055b20, 7, 1;
L_0x561bc906dd10 .part L_0x561bc9055b20, 25, 6;
L_0x561bc906de30 .part L_0x561bc9055b20, 8, 4;
LS_0x561bc906ded0_0_0 .concat [ 4 6 1 1], L_0x561bc906de30, L_0x561bc906dd10, L_0x561bc906dc70, L_0x561bc906db60;
LS_0x561bc906ded0_0_4 .concat [ 20 0 0 0], L_0x561bc906d6f0;
L_0x561bc906ded0 .concat [ 12 20 0 0], LS_0x561bc906ded0_0_0, LS_0x561bc906ded0_0_4;
L_0x561bc906e140 .part L_0x561bc9055b20, 5, 1;
L_0x561bc906e1e0 .part L_0x561bc9055b20, 13, 1;
L_0x561bc906e320 .functor MUXZ 32, L_0x561bc906ded0, L_0x561bc906d510, L_0x561bc906e1e0, C4<>;
L_0x561bc906e4b0 .functor MUXZ 32, L_0x561bc906ce70, L_0x561bc906e320, L_0x561bc906e140, C4<>;
    .scope S_0x561bc9046ee0;
T_0 ;
    %wait E_0x561bc8f6f380;
    %load/vec4 v0x561bc9047240_0;
    %flag_set/vec4 8;
    %jmp/0xz  T_0.0, 8;
    %load/vec4 v0x561bc90474a0_0;
    %assign/vec4 v0x561bc90474a0_0, 0;
    %load/vec4 v0x561bc9047640_0;
    %assign/vec4 v0x561bc9047640_0, 0;
    %jmp T_0.1;
T_0.0 ;
    %load/vec4 v0x561bc9047160_0;
    %flag_set/vec4 8;
    %jmp/0xz  T_0.2, 8;
    %pushi/vec4 0, 0, 32;
    %assign/vec4 v0x561bc90474a0_0, 0;
    %pushi/vec4 0, 0, 32;
    %assign/vec4 v0x561bc9047640_0, 0;
    %jmp T_0.3;
T_0.2 ;
    %load/vec4 v0x561bc9047400_0;
    %assign/vec4 v0x561bc90474a0_0, 0;
    %load/vec4 v0x561bc9047560_0;
    %assign/vec4 v0x561bc9047640_0, 0;
T_0.3 ;
T_0.1 ;
    %jmp T_0;
    .thread T_0;
    .scope S_0x561bc9044fc0;
T_1 ;
    %wait E_0x561bc8f6f380;
    %load/vec4 v0x561bc9046500_0;
    %assign/vec4 v0x561bc90465c0_0, 0;
    %load/vec4 v0x561bc9045b20_0;
    %assign/vec4 v0x561bc9045c50_0, 0;
    %load/vec4 v0x561bc9045800_0;
    %assign/vec4 v0x561bc90458f0_0, 0;
    %load/vec4 v0x561bc90459e0_0;
    %assign/vec4 v0x561bc9045a80_0, 0;
    %load/vec4 v0x561bc90454b0_0;
    %assign/vec4 v0x561bc9045590_0, 0;
    %load/vec4 v0x561bc9045660_0;
    %assign/vec4 v0x561bc9045760_0, 0;
    %load/vec4 v0x561bc9046000_0;
    %assign/vec4 v0x561bc90460c0_0, 0;
    %load/vec4 v0x561bc9046360_0;
    %assign/vec4 v0x561bc9046420_0, 0;
    %load/vec4 v0x561bc9046690_0;
    %assign/vec4 v0x561bc9046750_0, 0;
    %load/vec4 v0x561bc9046920_0;
    %assign/vec4 v0x561bc9046a00_0, 0;
    %load/vec4 v0x561bc9045e70_0;
    %assign/vec4 v0x561bc9045f30_0, 0;
    %load/vec4 v0x561bc90461a0_0;
    %assign/vec4 v0x561bc9046290_0, 0;
    %load/vec4 v0x561bc9045cf0_0;
    %assign/vec4 v0x561bc9045db0_0, 0;
    %jmp T_1;
    .thread T_1;
    .scope S_0x561bc9040c80;
T_2 ;
    %wait E_0x561bc8f6f380;
    %load/vec4 v0x561bc90419d0_0;
    %assign/vec4 v0x561bc9041a70_0, 0;
    %load/vec4 v0x561bc9041470_0;
    %assign/vec4 v0x561bc9041510_0, 0;
    %load/vec4 v0x561bc9041140_0;
    %assign/vec4 v0x561bc9041210_0, 0;
    %load/vec4 v0x561bc90412e0_0;
    %assign/vec4 v0x561bc90413d0_0, 0;
    %load/vec4 v0x561bc9040fc0_0;
    %assign/vec4 v0x561bc90410a0_0, 0;
    %load/vec4 v0x561bc9041800_0;
    %assign/vec4 v0x561bc90418e0_0, 0;
    %load/vec4 v0x561bc90415b0_0;
    %assign/vec4 v0x561bc9041720_0, 0;
    %jmp T_2;
    .thread T_2;
    .scope S_0x561bc9048050;
T_3 ;
    %wait E_0x561bc8f6f380;
    %load/vec4 v0x561bc9048920_0;
    %assign/vec4 v0x561bc9048a50_0, 0;
    %load/vec4 v0x561bc90485a0_0;
    %assign/vec4 v0x561bc9048690_0, 0;
    %load/vec4 v0x561bc9048220_0;
    %assign/vec4 v0x561bc9048330_0, 0;
    %load/vec4 v0x561bc9048410_0;
    %assign/vec4 v0x561bc90484e0_0, 0;
    %load/vec4 v0x561bc9048730_0;
    %assign/vec4 v0x561bc9048840_0, 0;
    %jmp T_3;
    .thread T_3;
    .scope S_0x561bc904b9e0;
T_4 ;
    %wait E_0x561bc904bc90;
    %load/vec4 v0x561bc904c070_0;
    %flag_set/vec4 8;
    %jmp/0xz  T_4.0, 8;
    %pushi/vec4 0, 0, 32;
    %assign/vec4 v0x561bc904bf80_0, 0;
    %jmp T_4.1;
T_4.0 ;
    %load/vec4 v0x561bc904bd10_0;
    %flag_set/vec4 8;
    %jmp/0xz  T_4.2, 8;
    %load/vec4 v0x561bc904c160_0;
    %flag_set/vec4 8;
    %jmp/0xz  T_4.4, 8;
    %load/vec4 v0x561bc904beb0_0;
    %assign/vec4 v0x561bc904bf80_0, 0;
    %jmp T_4.5;
T_4.4 ;
    %load/vec4 v0x561bc904bf80_0;
    %assign/vec4 v0x561bc904bf80_0, 0;
T_4.5 ;
T_4.2 ;
T_4.1 ;
    %jmp T_4;
    .thread T_4;
    .scope S_0x561bc904c320;
T_5 ;
    %wait E_0x561bc8f6f380;
    %load/vec4 v0x561bc904cb90_0;
    %load/vec4 v0x561bc904c610_0;
    %pad/u 32;
    %pushi/vec4 0, 0, 32;
    %cmp/e;
    %flag_get/vec4 4;
    %inv;
    %and;
    %flag_set/vec4 8;
    %jmp/0xz  T_5.0, 8;
    %load/vec4 v0x561bc904c6f0_0;
    %load/vec4 v0x561bc904c610_0;
    %pad/u 7;
    %ix/vec4 3;
    %ix/load 4, 0, 0; Constant delay
    %assign/vec4/a/d v0x561bc904d650, 0, 4;
T_5.0 ;
    %jmp T_5;
    .thread T_5;
    .scope S_0x561bc8fe0b70;
T_6 ;
    %wait E_0x561bc8f6f5c0;
    %load/vec4 v0x561bc9028d40_0;
    %dup/vec4;
    %pushi/vec4 0, 0, 3;
    %cmp/u;
    %jmp/1 T_6.0, 6;
    %dup/vec4;
    %pushi/vec4 1, 0, 3;
    %cmp/u;
    %jmp/1 T_6.1, 6;
    %dup/vec4;
    %pushi/vec4 2, 0, 3;
    %cmp/u;
    %jmp/1 T_6.2, 6;
    %dup/vec4;
    %pushi/vec4 3, 0, 3;
    %cmp/u;
    %jmp/1 T_6.3, 6;
    %dup/vec4;
    %pushi/vec4 4, 0, 3;
    %cmp/u;
    %jmp/1 T_6.4, 6;
    %dup/vec4;
    %pushi/vec4 5, 0, 3;
    %cmp/u;
    %jmp/1 T_6.5, 6;
    %dup/vec4;
    %pushi/vec4 6, 0, 3;
    %cmp/u;
    %jmp/1 T_6.6, 6;
    %dup/vec4;
    %pushi/vec4 7, 0, 3;
    %cmp/u;
    %jmp/1 T_6.7, 6;
    %jmp T_6.8;
T_6.0 ;
    %load/vec4 v0x561bc9015f80_0;
    %load/vec4 v0x561bc8ff7d30_0;
    %and;
    %store/vec4 v0x561bc8fe6c40_0, 0, 32;
    %jmp T_6.8;
T_6.1 ;
    %load/vec4 v0x561bc9015f80_0;
    %load/vec4 v0x561bc8ff7d30_0;
    %xor;
    %store/vec4 v0x561bc8fe6c40_0, 0, 32;
    %jmp T_6.8;
T_6.2 ;
    %load/vec4 v0x561bc9015f80_0;
    %load/vec4 v0x561bc8ff7d30_0;
    %ix/vec4 4;
    %shiftl 4;
    %store/vec4 v0x561bc8fe6c40_0, 0, 32;
    %jmp T_6.8;
T_6.3 ;
    %load/vec4 v0x561bc9015f80_0;
    %load/vec4 v0x561bc8ff7d30_0;
    %add;
    %store/vec4 v0x561bc8fe6c40_0, 0, 32;
    %jmp T_6.8;
T_6.4 ;
    %load/vec4 v0x561bc9015f80_0;
    %load/vec4 v0x561bc8ff7d30_0;
    %sub;
    %store/vec4 v0x561bc8fe6c40_0, 0, 32;
    %jmp T_6.8;
T_6.5 ;
    %load/vec4 v0x561bc9015f80_0;
    %load/vec4 v0x561bc8ff7d30_0;
    %mul;
    %store/vec4 v0x561bc8fe6c40_0, 0, 32;
    %jmp T_6.8;
T_6.6 ;
    %load/vec4 v0x561bc9015f80_0;
    %load/vec4 v0x561bc8ff7d30_0;
    %add;
    %store/vec4 v0x561bc8fe6c40_0, 0, 32;
    %jmp T_6.8;
T_6.7 ;
    %load/vec4 v0x561bc9015f80_0;
    %load/vec4 v0x561bc8ff7d30_0;
    %parti/s 5, 0, 2;
    %ix/vec4 4;
    %shiftr/s 4;
    %store/vec4 v0x561bc8fe6c40_0, 0, 32;
    %jmp T_6.8;
T_6.8 ;
    %pop/vec4 1;
    %jmp T_6;
    .thread T_6, $push;
    .scope S_0x561bc903ff10;
T_7 ;
    %wait E_0x561bc8f6f380;
    %load/vec4 v0x561bc9040250_0;
    %flag_set/vec4 8;
    %jmp/0xz  T_7.0, 8;
    %load/vec4 v0x561bc9040940_0;
    %load/vec4 v0x561bc90407a0_0;
    %ix/load 4, 2, 0;
    %flag_set/imm 4, 0;
    %shiftr 4;
    %ix/vec4 3;
    %ix/load 4, 0, 0; Constant delay
    %assign/vec4/a/d v0x561bc9040b00, 0, 4;
T_7.0 ;
    %jmp T_7;
    .thread T_7;
    .scope S_0x561bc8ff4190;
T_8 ;
    %wait E_0x561bc8f6f380;
    %load/vec4 v0x561bc90544b0_0;
    %addi 1, 0, 32;
    %assign/vec4 v0x561bc90544b0_0, 0;
    %jmp T_8;
    .thread T_8;
    .scope S_0x561bc8ff2d50;
T_9 ;
    %delay 25, 0;
    %load/vec4 v0x561bc9055040_0;
    %inv;
    %store/vec4 v0x561bc9055040_0, 0, 1;
    %jmp T_9;
    .thread T_9;
    .scope S_0x561bc8ff2d50;
T_10 ;
    %vpi_call 2 21 "$dumpfile", "CPU.vcd" {0 0 0};
    %vpi_call 2 22 "$dumpvars" {0 0 0};
    %pushi/vec4 0, 0, 32;
    %store/vec4 v0x561bc90552e0_0, 0, 32;
    %pushi/vec4 0, 0, 32;
    %store/vec4 v0x561bc9055670_0, 0, 32;
    %pushi/vec4 0, 0, 32;
    %store/vec4 v0x561bc9055380_0, 0, 32;
    %pushi/vec4 0, 0, 32;
    %store/vec4 v0x561bc90554b0_0, 0, 32;
T_10.0 ;
    %load/vec4 v0x561bc90554b0_0;
    %cmpi/s 256, 0, 32;
    %jmp/0xz T_10.1, 5;
    %pushi/vec4 0, 0, 32;
    %ix/getv/s 4, v0x561bc90554b0_0;
    %store/vec4a v0x561bc9047f50, 4, 0;
    %load/vec4 v0x561bc90554b0_0;
    %addi 1, 0, 32;
    %store/vec4 v0x561bc90554b0_0, 0, 32;
    %jmp T_10.0;
T_10.1 ;
    %pushi/vec4 0, 0, 32;
    %store/vec4 v0x561bc90554b0_0, 0, 32;
T_10.2 ;
    %load/vec4 v0x561bc90554b0_0;
    %cmpi/s 32, 0, 32;
    %jmp/0xz T_10.3, 5;
    %pushi/vec4 0, 0, 32;
    %ix/getv/s 4, v0x561bc90554b0_0;
    %store/vec4a v0x561bc9040b00, 4, 0;
    %load/vec4 v0x561bc90554b0_0;
    %addi 1, 0, 32;
    %store/vec4 v0x561bc90554b0_0, 0, 32;
    %jmp T_10.2;
T_10.3 ;
    %pushi/vec4 5, 0, 32;
    %ix/load 4, 0, 0;
    %flag_set/imm 4, 0;
    %store/vec4a v0x561bc9040b00, 4, 0;
    %pushi/vec4 0, 0, 32;
    %store/vec4 v0x561bc90554b0_0, 0, 32;
T_10.4 ;
    %load/vec4 v0x561bc90554b0_0;
    %cmpi/s 32, 0, 32;
    %jmp/0xz T_10.5, 5;
    %pushi/vec4 0, 0, 32;
    %ix/getv/s 4, v0x561bc90554b0_0;
    %store/vec4a v0x561bc904d650, 4, 0;
    %load/vec4 v0x561bc90554b0_0;
    %addi 1, 0, 32;
    %store/vec4 v0x561bc90554b0_0, 0, 32;
    %jmp T_10.4;
T_10.5 ;
    %pushi/vec4 0, 0, 32;
    %store/vec4 v0x561bc90474a0_0, 0, 32;
    %pushi/vec4 0, 0, 32;
    %store/vec4 v0x561bc9047640_0, 0, 32;
    %pushi/vec4 0, 0, 1;
    %store/vec4 v0x561bc90465c0_0, 0, 1;
    %pushi/vec4 0, 0, 1;
    %store/vec4 v0x561bc9045c50_0, 0, 1;
    %pushi/vec4 0, 0, 1;
    %store/vec4 v0x561bc90458f0_0, 0, 1;
    %pushi/vec4 0, 0, 1;
    %store/vec4 v0x561bc9045a80_0, 0, 1;
    %pushi/vec4 0, 0, 2;
    %store/vec4 v0x561bc9045590_0, 0, 2;
    %pushi/vec4 0, 0, 1;
    %store/vec4 v0x561bc9045760_0, 0, 1;
    %pushi/vec4 0, 0, 32;
    %store/vec4 v0x561bc90460c0_0, 0, 32;
    %pushi/vec4 0, 0, 32;
    %store/vec4 v0x561bc9046420_0, 0, 32;
    %pushi/vec4 0, 0, 32;
    %store/vec4 v0x561bc9046750_0, 0, 32;
    %pushi/vec4 0, 0, 10;
    %store/vec4 v0x561bc9046a00_0, 0, 10;
    %pushi/vec4 0, 0, 5;
    %store/vec4 v0x561bc9045f30_0, 0, 5;
    %pushi/vec4 0, 0, 5;
    %store/vec4 v0x561bc9046290_0, 0, 5;
    %pushi/vec4 0, 0, 5;
    %store/vec4 v0x561bc9045db0_0, 0, 5;
    %pushi/vec4 0, 0, 1;
    %store/vec4 v0x561bc9041a70_0, 0, 1;
    %pushi/vec4 0, 0, 1;
    %store/vec4 v0x561bc9041510_0, 0, 1;
    %pushi/vec4 0, 0, 1;
    %store/vec4 v0x561bc9041210_0, 0, 1;
    %pushi/vec4 0, 0, 1;
    %store/vec4 v0x561bc90413d0_0, 0, 1;
    %pushi/vec4 0, 0, 32;
    %store/vec4 v0x561bc90410a0_0, 0, 32;
    %pushi/vec4 0, 0, 32;
    %store/vec4 v0x561bc90418e0_0, 0, 32;
    %pushi/vec4 0, 0, 5;
    %store/vec4 v0x561bc9041720_0, 0, 5;
    %pushi/vec4 0, 0, 1;
    %store/vec4 v0x561bc9048a50_0, 0, 1;
    %pushi/vec4 0, 0, 1;
    %store/vec4 v0x561bc9048690_0, 0, 1;
    %pushi/vec4 0, 0, 32;
    %store/vec4 v0x561bc9048330_0, 0, 32;
    %pushi/vec4 0, 0, 32;
    %store/vec4 v0x561bc90484e0_0, 0, 32;
    %pushi/vec4 0, 0, 5;
    %store/vec4 v0x561bc9048840_0, 0, 5;
    %pushi/vec4 0, 0, 32;
    %store/vec4 v0x561bc90544b0_0, 0, 32;
    %pushi/vec4 6, 0, 32;
    %ix/load 4, 1, 0;
    %flag_set/imm 4, 0;
    %store/vec4a v0x561bc9040b00, 4, 0;
    %pushi/vec4 10, 0, 32;
    %ix/load 4, 2, 0;
    %flag_set/imm 4, 0;
    %store/vec4a v0x561bc9040b00, 4, 0;
    %pushi/vec4 18, 0, 32;
    %ix/load 4, 3, 0;
    %flag_set/imm 4, 0;
    %store/vec4a v0x561bc9040b00, 4, 0;
    %pushi/vec4 29, 0, 32;
    %ix/load 4, 4, 0;
    %flag_set/imm 4, 0;
    %store/vec4a v0x561bc9040b00, 4, 0;
    %pushi/vec4 4294967272, 0, 32;
    %ix/load 4, 24, 0;
    %flag_set/imm 4, 0;
    %store/vec4a v0x561bc904d650, 4, 0;
    %pushi/vec4 4294967271, 0, 32;
    %ix/load 4, 25, 0;
    %flag_set/imm 4, 0;
    %store/vec4a v0x561bc904d650, 4, 0;
    %pushi/vec4 4294967270, 0, 32;
    %ix/load 4, 26, 0;
    %flag_set/imm 4, 0;
    %store/vec4a v0x561bc904d650, 4, 0;
    %pushi/vec4 4294967269, 0, 32;
    %ix/load 4, 27, 0;
    %flag_set/imm 4, 0;
    %store/vec4a v0x561bc904d650, 4, 0;
    %pushi/vec4 56, 0, 32;
    %ix/load 4, 28, 0;
    %flag_set/imm 4, 0;
    %store/vec4a v0x561bc904d650, 4, 0;
    %pushi/vec4 58, 0, 32;
    %ix/load 4, 29, 0;
    %flag_set/imm 4, 0;
    %store/vec4a v0x561bc904d650, 4, 0;
    %pushi/vec4 60, 0, 32;
    %ix/load 4, 30, 0;
    %flag_set/imm 4, 0;
    %store/vec4a v0x561bc904d650, 4, 0;
    %pushi/vec4 62, 0, 32;
    %ix/load 4, 31, 0;
    %flag_set/imm 4, 0;
    %store/vec4a v0x561bc904d650, 4, 0;
    %vpi_call 2 91 "$readmemb", "instruction.txt", v0x561bc9047f50 {0 0 0};
    %vpi_func 2 95 "$fopen" 32, "output.txt" {0 0 0};
    %pushi/vec4 1, 0, 32;
    %or;
    %store/vec4 v0x561bc9055590_0, 0, 32;
    %pushi/vec4 1, 0, 1;
    %store/vec4 v0x561bc9055040_0, 0, 1;
    %pushi/vec4 1, 0, 1;
    %store/vec4 v0x561bc90550e0_0, 0, 1;
    %pushi/vec4 0, 0, 1;
    %store/vec4 v0x561bc90551f0_0, 0, 1;
    %delay 12, 0;
    %pushi/vec4 0, 0, 1;
    %store/vec4 v0x561bc90550e0_0, 0, 1;
    %pushi/vec4 1, 0, 1;
    %store/vec4 v0x561bc90551f0_0, 0, 1;
    %end;
    .thread T_10;
    .scope S_0x561bc8ff2d50;
T_11 ;
    %wait E_0x561bc8f6f380;
    %load/vec4 v0x561bc90552e0_0;
    %cmpi/e 64, 0, 32;
    %jmp/0xz  T_11.0, 4;
    %vpi_call 2 110 "$finish" {0 0 0};
T_11.0 ;
    %load/vec4 v0x561bc9044960_0;
    %pad/u 32;
    %pushi/vec4 1, 0, 32;
    %cmp/e;
    %flag_get/vec4 4;
    %load/vec4 v0x561bc903dba0_0;
    %pad/u 32;
    %pushi/vec4 0, 0, 32;
    %cmp/e;
    %flag_get/vec4 4;
    %and;
    %flag_set/vec4 8;
    %jmp/0xz  T_11.2, 8;
    %load/vec4 v0x561bc9055670_0;
    %addi 1, 0, 32;
    %store/vec4 v0x561bc9055670_0, 0, 32;
T_11.2 ;
    %load/vec4 v0x561bc904f760_0;
    %pad/u 32;
    %cmpi/e 1, 0, 32;
    %jmp/0xz  T_11.4, 4;
    %load/vec4 v0x561bc9055380_0;
    %addi 1, 0, 32;
    %store/vec4 v0x561bc9055380_0, 0, 32;
T_11.4 ;
    %vpi_call 2 118 "$fdisplay", v0x561bc9055590_0, "cycle = %d, Start = %0d, Stall = %0d, Flush = %0d\012PC = %d", v0x561bc90552e0_0, v0x561bc90551f0_0, v0x561bc9055670_0, v0x561bc9055380_0, v0x561bc904bf80_0 {0 0 0};
    %vpi_call 2 122 "$fdisplay", v0x561bc9055590_0, "Registers" {0 0 0};
    %vpi_call 2 123 "$fdisplay", v0x561bc9055590_0, "x0 = %d, x8  = %d, x16 = %d, x24 = %d", &A<v0x561bc904d650, 0>, &A<v0x561bc904d650, 8>, &A<v0x561bc904d650, 16>, &A<v0x561bc904d650, 24> {0 0 0};
    %vpi_call 2 124 "$fdisplay", v0x561bc9055590_0, "x1 = %d, x9  = %d, x17 = %d, x25 = %d", &A<v0x561bc904d650, 1>, &A<v0x561bc904d650, 9>, &A<v0x561bc904d650, 17>, &A<v0x561bc904d650, 25> {0 0 0};
    %vpi_call 2 125 "$fdisplay", v0x561bc9055590_0, "x2 = %d, x10 = %d, x18 = %d, x26 = %d", &A<v0x561bc904d650, 2>, &A<v0x561bc904d650, 10>, &A<v0x561bc904d650, 18>, &A<v0x561bc904d650, 26> {0 0 0};
    %vpi_call 2 126 "$fdisplay", v0x561bc9055590_0, "x3 = %d, x11 = %d, x19 = %d, x27 = %d", &A<v0x561bc904d650, 3>, &A<v0x561bc904d650, 11>, &A<v0x561bc904d650, 19>, &A<v0x561bc904d650, 27> {0 0 0};
    %vpi_call 2 127 "$fdisplay", v0x561bc9055590_0, "x4 = %d, x12 = %d, x20 = %d, x28 = %d", &A<v0x561bc904d650, 4>, &A<v0x561bc904d650, 12>, &A<v0x561bc904d650, 20>, &A<v0x561bc904d650, 28> {0 0 0};
    %vpi_call 2 128 "$fdisplay", v0x561bc9055590_0, "x5 = %d, x13 = %d, x21 = %d, x29 = %d", &A<v0x561bc904d650, 5>, &A<v0x561bc904d650, 13>, &A<v0x561bc904d650, 21>, &A<v0x561bc904d650, 29> {0 0 0};
    %vpi_call 2 129 "$fdisplay", v0x561bc9055590_0, "x6 = %d, x14 = %d, x22 = %d, x30 = %d", &A<v0x561bc904d650, 6>, &A<v0x561bc904d650, 14>, &A<v0x561bc904d650, 22>, &A<v0x561bc904d650, 30> {0 0 0};
    %vpi_call 2 130 "$fdisplay", v0x561bc9055590_0, "x7 = %d, x15 = %d, x23 = %d, x31 = %d", &A<v0x561bc904d650, 7>, &A<v0x561bc904d650, 15>, &A<v0x561bc904d650, 23>, &A<v0x561bc904d650, 31> {0 0 0};
    %vpi_call 2 134 "$fdisplay", v0x561bc9055590_0, "Data Memory: 0x00 = %10d", &A<v0x561bc9040b00, 0> {0 0 0};
    %vpi_call 2 135 "$fdisplay", v0x561bc9055590_0, "Data Memory: 0x04 = %10d", &A<v0x561bc9040b00, 1> {0 0 0};
    %vpi_call 2 136 "$fdisplay", v0x561bc9055590_0, "Data Memory: 0x08 = %10d", &A<v0x561bc9040b00, 2> {0 0 0};
    %vpi_call 2 137 "$fdisplay", v0x561bc9055590_0, "Data Memory: 0x0C = %10d", &A<v0x561bc9040b00, 3> {0 0 0};
    %vpi_call 2 138 "$fdisplay", v0x561bc9055590_0, "Data Memory: 0x10 = %10d", &A<v0x561bc9040b00, 4> {0 0 0};
    %vpi_call 2 139 "$fdisplay", v0x561bc9055590_0, "Data Memory: 0x14 = %10d", &A<v0x561bc9040b00, 5> {0 0 0};
    %vpi_call 2 140 "$fdisplay", v0x561bc9055590_0, "Data Memory: 0x18 = %10d", &A<v0x561bc9040b00, 6> {0 0 0};
    %vpi_call 2 141 "$fdisplay", v0x561bc9055590_0, "Data Memory: 0x1C = %10d", &A<v0x561bc9040b00, 7> {0 0 0};
    %vpi_call 2 143 "$fdisplay", v0x561bc9055590_0, "\012" {0 0 0};
    %load/vec4 v0x561bc90552e0_0;
    %addi 1, 0, 32;
    %store/vec4 v0x561bc90552e0_0, 0, 32;
    %jmp T_11;
    .thread T_11;
# The file index is used to find the file name in the following table.
:file_names 16;
    "N/A";
    "<interactive>";
    "testbench.v";
    "CPU.v";
    "ALU.v";
    "ALU_Control.v";
    "Control.v";
    "Data_Memory.v";
    "Pipeline_Registers.v";
    "Forwarding_Unit.v";
    "Hazard_Detection_Unit.v";
    "Instruction_Memory.v";
    "MUX32.v";
    "PC.v";
    "Registers.v";
    "Sign_Extend.v";
